# JRE version: OpenJDK Runtime Environment (8.0_242-b01) (build 1.8.0_242-release-1644-b01)
# Java VM: OpenJDK 64-Bit Server VM (25.242-b01 mixed mode windows-amd64 compressed oops)
Heap:
 PSYoungGen      total 65536K, used 28828K [0x00000000d5580000, 0x00000000db900000, 0x0000000100000000)
  eden space 45056K, 18% used [0x00000000d5580000,0x00000000d5daaee0,0x00000000d8180000)
  from space 20480K, 99% used [0x00000000d9980000,0x00000000dad7c498,0x00000000dad80000)
  to   space 24576K, 0% used [0x00000000d8180000,0x00000000d8180000,0x00000000d9980000)
 ParOldGen       total 68608K, used 39348K [0x0000000080000000, 0x0000000084300000, 0x00000000d5580000)
  object space 68608K, 57% used [0x0000000080000000,0x000000008266d358,0x0000000084300000)
 Metaspace       used 73057K, capacity 77462K, committed 77720K, reserved 1116160K
  class space    used 10210K, capacity 11108K, committed 11184K, reserved 1048576K
GC Heap History (10 events):
Event: 108.445 GC heap before
{Heap before GC invocations=39 (full 3):
 PSYoungGen      total 52736K, used 46628K [0x00000000d5580000, 0x00000000d9900000, 0x0000000100000000)
  eden space 40448K, 99% used [0x00000000d5580000,0x00000000d7cc57f0,0x00000000d7d00000)
  from space 12288K, 52% used [0x00000000d7d00000,0x00000000d8343890,0x00000000d8900000)
  to   space 12288K, 0% used [0x00000000d8d00000,0x00000000d8d00000,0x00000000d9900000)
 ParOldGen       total 68608K, used 28702K [0x0000000080000000, 0x0000000084300000, 0x00000000d5580000)
  object space 68608K, 41% used [0x0000000080000000,0x0000000081c07ad8,0x0000000084300000)
 Metaspace       used 62984K, capacity 65874K, committed 66072K, reserved 1105920K
  class space    used 8719K, capacity 9236K, committed 9264K, reserved 1048576K
Event: 108.466 GC heap after
Heap after GC invocations=39 (full 3):
 PSYoungGen      total 55808K, used 7345K [0x00000000d5580000, 0x00000000d9880000, 0x0000000100000000)
  eden space 44032K, 0% used [0x00000000d5580000,0x00000000d5580000,0x00000000d8080000)
  from space 11776K, 62% used [0x00000000d8d00000,0x00000000d942c458,0x00000000d9880000)
  to   space 12288K, 0% used [0x00000000d8080000,0x00000000d8080000,0x00000000d8c80000)
 ParOldGen       total 68608K, used 28710K [0x0000000080000000, 0x0000000084300000, 0x00000000d5580000)
  object space 68608K, 41% used [0x0000000080000000,0x0000000081c09ad8,0x0000000084300000)
 Metaspace       used 62984K, capacity 65874K, committed 66072K, reserved 1105920K
  class space    used 8719K, capacity 9236K, committed 9264K, reserved 1048576K
}
Event: 115.621 GC heap before
{Heap before GC invocations=40 (full 3):
 PSYoungGen      total 55808K, used 51377K [0x00000000d5580000, 0x00000000d9880000, 0x0000000100000000)
  eden space 44032K, 100% used [0x00000000d5580000,0x00000000d8080000,0x00000000d8080000)
  from space 11776K, 62% used [0x00000000d8d00000,0x00000000d942c458,0x00000000d9880000)
  to   space 12288K, 0% used [0x00000000d8080000,0x00000000d8080000,0x00000000d8c80000)
 ParOldGen       total 68608K, used 28710K [0x0000000080000000, 0x0000000084300000, 0x00000000d5580000)
  object space 68608K, 41% used [0x0000000080000000,0x0000000081c09ad8,0x0000000084300000)
 Metaspace       used 63528K, capacity 66540K, committed 66712K, reserved 1105920K
  class space    used 8753K, capacity 9351K, committed 9392K, reserved 1048576K
Event: 115.644 GC heap after
Heap after GC invocations=40 (full 3):
 PSYoungGen      total 56320K, used 10477K [0x00000000d5580000, 0x00000000d9e00000, 0x0000000100000000)
  eden space 44032K, 0% used [0x00000000d5580000,0x00000000d5580000,0x00000000d8080000)
  from space 12288K, 85% used [0x00000000d8080000,0x00000000d8abb520,0x00000000d8c80000)
  to   space 13312K, 0% used [0x00000000d9100000,0x00000000d9100000,0x00000000d9e00000)
 ParOldGen       total 68608K, used 28718K [0x0000000080000000, 0x0000000084300000, 0x00000000d5580000)
  object space 68608K, 41% used [0x0000000080000000,0x0000000081c0bad8,0x0000000084300000)
 Metaspace       used 63528K, capacity 66540K, committed 66712K, reserved 1105920K
  class space    used 8753K, capacity 9351K, committed 9392K, reserved 1048576K
}
Event: 124.349 GC heap before
{Heap before GC invocations=41 (full 3):
 PSYoungGen      total 56320K, used 54509K [0x00000000d5580000, 0x00000000d9e00000, 0x0000000100000000)
  eden space 44032K, 100% used [0x00000000d5580000,0x00000000d8080000,0x00000000d8080000)
  from space 12288K, 85% used [0x00000000d8080000,0x00000000d8abb520,0x00000000d8c80000)
  to   space 13312K, 0% used [0x00000000d9100000,0x00000000d9100000,0x00000000d9e00000)
 ParOldGen       total 68608K, used 28718K [0x0000000080000000, 0x0000000084300000, 0x00000000d5580000)
  object space 68608K, 41% used [0x0000000080000000,0x0000000081c0bad8,0x0000000084300000)
 Metaspace       used 64477K, capacity 67558K, committed 67608K, reserved 1107968K
  class space    used 8886K, capacity 9486K, committed 9520K, reserved 1048576K
Event: 124.383 GC heap after
Heap after GC invocations=41 (full 3):
 PSYoungGen      total 58880K, used 13293K [0x00000000d5580000, 0x00000000da180000, 0x0000000100000000)
  eden space 45568K, 0% used [0x00000000d5580000,0x00000000d5580000,0x00000000d8200000)
  from space 13312K, 99% used [0x00000000d9100000,0x00000000d9dfb510,0x00000000d9e00000)
  to   space 15360K, 0% used [0x00000000d8200000,0x00000000d8200000,0x00000000d9100000)
 ParOldGen       total 68608K, used 29293K [0x0000000080000000, 0x0000000084300000, 0x00000000d5580000)
  object space 68608K, 42% used [0x0000000080000000,0x0000000081c9b6b8,0x0000000084300000)
 Metaspace       used 64477K, capacity 67558K, committed 67608K, reserved 1107968K
  class space    used 8886K, capacity 9486K, committed 9520K, reserved 1048576K
}
Event: 132.304 GC heap before
{Heap before GC invocations=42 (full 3):
 PSYoungGen      total 58880K, used 58861K [0x00000000d5580000, 0x00000000da180000, 0x0000000100000000)
  eden space 45568K, 100% used [0x00000000d5580000,0x00000000d8200000,0x00000000d8200000)
  from space 13312K, 99% used [0x00000000d9100000,0x00000000d9dfb510,0x00000000d9e00000)
  to   space 15360K, 0% used [0x00000000d8200000,0x00000000d8200000,0x00000000d9100000)
 ParOldGen       total 68608K, used 29293K [0x0000000080000000, 0x0000000084300000, 0x00000000d5580000)
  object space 68608K, 42% used [0x0000000080000000,0x0000000081c9b6b8,0x0000000084300000)
 Metaspace       used 67964K, capacity 71552K, committed 71832K, reserved 1112064K
  class space    used 9413K, capacity 10067K, committed 10160K, reserved 1048576K
Event: 132.350 GC heap after
Heap after GC invocations=42 (full 3):
 PSYoungGen      total 60928K, used 15355K [0x00000000d5580000, 0x00000000dad80000, 0x0000000100000000)
  eden space 45568K, 0% used [0x00000000d5580000,0x00000000d5580000,0x00000000d8200000)
  from space 15360K, 99% used [0x00000000d8200000,0x00000000d90feee0,0x00000000d9100000)
  to   space 20480K, 0% used [0x00000000d9980000,0x00000000d9980000,0x00000000dad80000)
 ParOldGen       total 68608K, used 37154K [0x0000000080000000, 0x0000000084300000, 0x00000000d5580000)
  object space 68608K, 54% used [0x0000000080000000,0x00000000824489c8,0x0000000084300000)
 Metaspace       used 67964K, capacity 71552K, committed 71832K, reserved 1112064K
  class space    used 9413K, capacity 10067K, committed 10160K, reserved 1048576K
}
Event: 136.918 GC heap before
{Heap before GC invocations=43 (full 3):
 PSYoungGen      total 60928K, used 60923K [0x00000000d5580000, 0x00000000dad80000, 0x0000000100000000)
  eden space 45568K, 100% used [0x00000000d5580000,0x00000000d8200000,0x00000000d8200000)
  from space 15360K, 99% used [0x00000000d8200000,0x00000000d90feee0,0x00000000d9100000)
  to   space 20480K, 0% used [0x00000000d9980000,0x00000000d9980000,0x00000000dad80000)
 ParOldGen       total 68608K, used 37154K [0x0000000080000000, 0x0000000084300000, 0x00000000d5580000)
  object space 68608K, 54% used [0x0000000080000000,0x00000000824489c8,0x0000000084300000)
 Metaspace       used 72761K, capacity 77094K, committed 77464K, reserved 1116160K
  class space    used 10185K, capacity 11072K, committed 11184K, reserved 1048576K
Event: 137.261 GC heap after
Heap after GC invocations=43 (full 3):
 PSYoungGen      total 65536K, used 20465K [0x00000000d5580000, 0x00000000db900000, 0x0000000100000000)
  eden space 45056K, 0% used [0x00000000d5580000,0x00000000d5580000,0x00000000d8180000)
  from space 20480K, 99% used [0x00000000d9980000,0x00000000dad7c498,0x00000000dad80000)
  to   space 24576K, 0% used [0x00000000d8180000,0x00000000d8180000,0x00000000d9980000)
 ParOldGen       total 68608K, used 39348K [0x0000000080000000, 0x0000000084300000, 0x00000000d5580000)
  object space 68608K, 57% used [0x0000000080000000,0x000000008266d358,0x0000000084300000)
 Metaspace       used 72761K, capacity 77094K, committed 77464K, reserved 1116160K
  class space    used 10185K, capacity 11072K, committed 11184K, reserved 1048576K
}

