# JRE version: OpenJDK Runtime Environment (8.0_242-b01) (build 1.8.0_242-release-1644-b01)
# Java VM: OpenJDK 64-Bit Server VM (25.242-b01 mixed mode windows-amd64 compressed oops)
Heap:
 PSYoungGen      total 32768K, used 25547K [0x00000000d5580000, 0x00000000d7d80000, 0x0000000100000000)
  eden space 27648K, 86% used [0x00000000d5580000,0x00000000d6ccf318,0x00000000d7080000)
  from space 5120K, 32% used [0x00000000d7880000,0x00000000d7a23938,0x00000000d7d80000)
  to   space 6656K, 0% used [0x00000000d7080000,0x00000000d7080000,0x00000000d7700000)
 ParOldGen       total 55296K, used 13777K [0x0000000080000000, 0x0000000083600000, 0x00000000d5580000)
  object space 55296K, 24% used [0x0000000080000000,0x0000000080d74668,0x0000000083600000)
 Metaspace       used 36248K, capacity 37660K, committed 37848K, reserved 1081344K
  class space    used 4986K, capacity 5289K, committed 5376K, reserved 1048576K
GC Heap History (10 events):
Event: 35.200 GC heap before
{Heap before GC invocations=22 (full 1):
 PSYoungGen      total 24576K, used 23172K [0x00000000d5580000, 0x00000000d7600000, 0x0000000100000000)
  eden space 17920K, 100% used [0x00000000d5580000,0x00000000d6700000,0x00000000d6700000)
  from space 6656K, 78% used [0x00000000d6e00000,0x00000000d73210e8,0x00000000d7480000)
  to   space 7168K, 0% used [0x00000000d6700000,0x00000000d6700000,0x00000000d6e00000)
 ParOldGen       total 34304K, used 8086K [0x0000000080000000, 0x0000000082180000, 0x00000000d5580000)
  object space 34304K, 23% used [0x0000000080000000,0x00000000807e5a28,0x0000000082180000)
 Metaspace       used 32652K, capacity 33706K, committed 33920K, reserved 1079296K
  class space    used 4452K, capacity 4719K, committed 4736K, reserved 1048576K
Event: 35.216 GC heap after
Heap after GC invocations=22 (full 1):
 PSYoungGen      total 25088K, used 3397K [0x00000000d5580000, 0x00000000d7900000, 0x0000000100000000)
  eden space 17920K, 0% used [0x00000000d5580000,0x00000000d5580000,0x00000000d6700000)
  from space 7168K, 47% used [0x00000000d6700000,0x00000000d6a51438,0x00000000d6e00000)
  to   space 6656K, 0% used [0x00000000d7280000,0x00000000d7280000,0x00000000d7900000)
 ParOldGen       total 34304K, used 10470K [0x0000000080000000, 0x0000000082180000, 0x00000000d5580000)
  object space 34304K, 30% used [0x0000000080000000,0x0000000080a398d8,0x0000000082180000)
 Metaspace       used 32652K, capacity 33706K, committed 33920K, reserved 1079296K
  class space    used 4452K, capacity 4719K, committed 4736K, reserved 1048576K
}
Event: 35.956 GC heap before
{Heap before GC invocations=23 (full 1):
 PSYoungGen      total 25088K, used 21317K [0x00000000d5580000, 0x00000000d7900000, 0x0000000100000000)
  eden space 17920K, 100% used [0x00000000d5580000,0x00000000d6700000,0x00000000d6700000)
  from space 7168K, 47% used [0x00000000d6700000,0x00000000d6a51438,0x00000000d6e00000)
  to   space 6656K, 0% used [0x00000000d7280000,0x00000000d7280000,0x00000000d7900000)
 ParOldGen       total 34304K, used 10470K [0x0000000080000000, 0x0000000082180000, 0x00000000d5580000)
  object space 34304K, 30% used [0x0000000080000000,0x0000000080a398d8,0x0000000082180000)
 Metaspace       used 33530K, capacity 34578K, committed 34816K, reserved 1079296K
  class space    used 4595K, capacity 4858K, committed 4864K, reserved 1048576K
Event: 35.968 GC heap after
Heap after GC invocations=23 (full 1):
 PSYoungGen      total 29696K, used 2755K [0x00000000d5580000, 0x00000000d7900000, 0x0000000100000000)
  eden space 23040K, 0% used [0x00000000d5580000,0x00000000d5580000,0x00000000d6c00000)
  from space 6656K, 41% used [0x00000000d7280000,0x00000000d7530d70,0x00000000d7900000)
  to   space 6656K, 0% used [0x00000000d6c00000,0x00000000d6c00000,0x00000000d7280000)
 ParOldGen       total 34304K, used 11837K [0x0000000080000000, 0x0000000082180000, 0x00000000d5580000)
  object space 34304K, 34% used [0x0000000080000000,0x0000000080b8f7a8,0x0000000082180000)
 Metaspace       used 33530K, capacity 34578K, committed 34816K, reserved 1079296K
  class space    used 4595K, capacity 4858K, committed 4864K, reserved 1048576K
}
Event: 36.948 GC heap before
{Heap before GC invocations=24 (full 1):
 PSYoungGen      total 29696K, used 17190K [0x00000000d5580000, 0x00000000d7900000, 0x0000000100000000)
  eden space 23040K, 62% used [0x00000000d5580000,0x00000000d6398c20,0x00000000d6c00000)
  from space 6656K, 41% used [0x00000000d7280000,0x00000000d7530d70,0x00000000d7900000)
  to   space 6656K, 0% used [0x00000000d6c00000,0x00000000d6c00000,0x00000000d7280000)
 ParOldGen       total 34304K, used 11837K [0x0000000080000000, 0x0000000082180000, 0x00000000d5580000)
  object space 34304K, 34% used [0x0000000080000000,0x0000000080b8f7a8,0x0000000082180000)
 Metaspace       used 34206K, capacity 35380K, committed 35416K, reserved 1079296K
  class space    used 4709K, capacity 4969K, committed 4992K, reserved 1048576K
Event: 36.954 GC heap after
Heap after GC invocations=24 (full 1):
 PSYoungGen      total 29696K, used 1616K [0x00000000d5580000, 0x00000000d7f00000, 0x0000000100000000)
  eden space 23040K, 0% used [0x00000000d5580000,0x00000000d5580000,0x00000000d6c00000)
  from space 6656K, 24% used [0x00000000d6c00000,0x00000000d6d941d0,0x00000000d7280000)
  to   space 6656K, 0% used [0x00000000d7880000,0x00000000d7880000,0x00000000d7f00000)
 ParOldGen       total 34304K, used 13253K [0x0000000080000000, 0x0000000082180000, 0x00000000d5580000)
  object space 34304K, 38% used [0x0000000080000000,0x0000000080cf17d8,0x0000000082180000)
 Metaspace       used 34206K, capacity 35380K, committed 35416K, reserved 1079296K
  class space    used 4709K, capacity 4969K, committed 4992K, reserved 1048576K
}
Event: 36.954 GC heap before
{Heap before GC invocations=25 (full 2):
 PSYoungGen      total 29696K, used 1616K [0x00000000d5580000, 0x00000000d7f00000, 0x0000000100000000)
  eden space 23040K, 0% used [0x00000000d5580000,0x00000000d5580000,0x00000000d6c00000)
  from space 6656K, 24% used [0x00000000d6c00000,0x00000000d6d941d0,0x00000000d7280000)
  to   space 6656K, 0% used [0x00000000d7880000,0x00000000d7880000,0x00000000d7f00000)
 ParOldGen       total 34304K, used 13253K [0x0000000080000000, 0x0000000082180000, 0x00000000d5580000)
  object space 34304K, 38% used [0x0000000080000000,0x0000000080cf17d8,0x0000000082180000)
 Metaspace       used 34206K, capacity 35380K, committed 35416K, reserved 1079296K
  class space    used 4709K, capacity 4969K, committed 4992K, reserved 1048576K
Event: 37.227 GC heap after
Heap after GC invocations=25 (full 2):
 PSYoungGen      total 29696K, used 0K [0x00000000d5580000, 0x00000000d7f00000, 0x0000000100000000)
  eden space 23040K, 0% used [0x00000000d5580000,0x00000000d5580000,0x00000000d6c00000)
  from space 6656K, 0% used [0x00000000d6c00000,0x00000000d6c00000,0x00000000d7280000)
  to   space 6656K, 0% used [0x00000000d7880000,0x00000000d7880000,0x00000000d7f00000)
 ParOldGen       total 55296K, used 13777K [0x0000000080000000, 0x0000000083600000, 0x00000000d5580000)
  object space 55296K, 24% used [0x0000000080000000,0x0000000080d74668,0x0000000083600000)
 Metaspace       used 34206K, capacity 35380K, committed 35416K, reserved 1079296K
  class space    used 4709K, capacity 4969K, committed 4992K, reserved 1048576K
}
Event: 38.305 GC heap before
{Heap before GC invocations=26 (full 2):
 PSYoungGen      total 29696K, used 23040K [0x00000000d5580000, 0x00000000d7f00000, 0x0000000100000000)
  eden space 23040K, 100% used [0x00000000d5580000,0x00000000d6c00000,0x00000000d6c00000)
  from space 6656K, 0% used [0x00000000d6c00000,0x00000000d6c00000,0x00000000d7280000)
  to   space 6656K, 0% used [0x00000000d7880000,0x00000000d7880000,0x00000000d7f00000)
 ParOldGen       total 55296K, used 13777K [0x0000000080000000, 0x0000000083600000, 0x00000000d5580000)
  object space 55296K, 24% used [0x0000000080000000,0x0000000080d74668,0x0000000083600000)
 Metaspace       used 35392K, capacity 36608K, committed 36952K, reserved 1081344K
  class space    used 4873K, capacity 5135K, committed 5248K, reserved 1048576K
Event: 38.314 GC heap after
Heap after GC invocations=26 (full 2):
 PSYoungGen      total 32768K, used 1678K [0x00000000d5580000, 0x00000000d7d80000, 0x0000000100000000)
  eden space 27648K, 0% used [0x00000000d5580000,0x00000000d5580000,0x00000000d7080000)
  from space 5120K, 32% used [0x00000000d7880000,0x00000000d7a23938,0x00000000d7d80000)
  to   space 6656K, 0% used [0x00000000d7080000,0x00000000d7080000,0x00000000d7700000)
 ParOldGen       total 55296K, used 13777K [0x0000000080000000, 0x0000000083600000, 0x00000000d5580000)
  object space 55296K, 24% used [0x0000000080000000,0x0000000080d74668,0x0000000083600000)
 Metaspace       used 35392K, capacity 36608K, committed 36952K, reserved 1081344K
  class space    used 4873K, capacity 5135K, committed 5248K, reserved 1048576K
}

