# JRE version: OpenJDK Runtime Environment (8.0_242-b01) (build 1.8.0_242-release-1644-b01)
# Java VM: OpenJDK 64-Bit Server VM (25.242-b01 mixed mode windows-amd64 compressed oops)
Heap:
 PSYoungGen      total 142336K, used 30207K [0x00000000d5580000, 0x00000000e2700000, 0x0000000100000000)
  eden space 112128K, 0% used [0x00000000d5580000,0x00000000d5580000,0x00000000dc300000)
  from space 30208K, 99% used [0x00000000dec00000,0x00000000e097ff20,0x00000000e0980000)
  to   space 41984K, 0% used [0x00000000dc300000,0x00000000dc300000,0x00000000dec00000)
 ParOldGen       total 88576K, used 80024K [0x0000000080000000, 0x0000000085680000, 0x00000000d5580000)
  object space 88576K, 90% used [0x0000000080000000,0x0000000084e26238,0x0000000085680000)
 Metaspace       used 70935K, capacity 74468K, committed 74648K, reserved 1114112K
  class space    used 9883K, capacity 10561K, committed 10672K, reserved 1048576K
GC Heap History (10 events):
Event: 47.056 GC heap after
Heap after GC invocations=23 (full 3):
 PSYoungGen      total 110080K, used 0K [0x00000000d5580000, 0x00000000dcf80000, 0x0000000100000000)
  eden space 95744K, 0% used [0x00000000d5580000,0x00000000d5580000,0x00000000db300000)
  from space 14336K, 0% used [0x00000000dc100000,0x00000000dc100000,0x00000000dcf00000)
  to   space 14336K, 0% used [0x00000000db300000,0x00000000db300000,0x00000000dc100000)
 ParOldGen       total 88576K, used 32644K [0x0000000080000000, 0x0000000085680000, 0x00000000d5580000)
  object space 88576K, 36% used [0x0000000080000000,0x0000000081fe12c0,0x0000000085680000)
 Metaspace       used 56822K, capacity 59078K, committed 59160K, reserved 1099776K
  class space    used 7768K, capacity 8226K, committed 8240K, reserved 1048576K
}
Event: 52.253 GC heap before
{Heap before GC invocations=24 (full 3):
 PSYoungGen      total 110080K, used 95744K [0x00000000d5580000, 0x00000000dcf80000, 0x0000000100000000)
  eden space 95744K, 100% used [0x00000000d5580000,0x00000000db300000,0x00000000db300000)
  from space 14336K, 0% used [0x00000000dc100000,0x00000000dc100000,0x00000000dcf00000)
  to   space 14336K, 0% used [0x00000000db300000,0x00000000db300000,0x00000000dc100000)
 ParOldGen       total 88576K, used 32644K [0x0000000080000000, 0x0000000085680000, 0x00000000d5580000)
  object space 88576K, 36% used [0x0000000080000000,0x0000000081fe12c0,0x0000000085680000)
 Metaspace       used 62734K, capacity 65430K, committed 65560K, reserved 1105920K
  class space    used 8701K, capacity 9214K, committed 9264K, reserved 1048576K
Event: 52.273 GC heap after
Heap after GC invocations=24 (full 3):
 PSYoungGen      total 110080K, used 10024K [0x00000000d5580000, 0x00000000ddb80000, 0x0000000100000000)
  eden space 95744K, 0% used [0x00000000d5580000,0x00000000d5580000,0x00000000db300000)
  from space 14336K, 69% used [0x00000000db300000,0x00000000dbcca1b8,0x00000000dc100000)
  to   space 14848K, 0% used [0x00000000dcd00000,0x00000000dcd00000,0x00000000ddb80000)
 ParOldGen       total 88576K, used 32652K [0x0000000080000000, 0x0000000085680000, 0x00000000d5580000)
  object space 88576K, 36% used [0x0000000080000000,0x0000000081fe32c0,0x0000000085680000)
 Metaspace       used 62734K, capacity 65430K, committed 65560K, reserved 1105920K
  class space    used 8701K, capacity 9214K, committed 9264K, reserved 1048576K
}
Event: 60.199 GC heap before
{Heap before GC invocations=25 (full 3):
 PSYoungGen      total 110080K, used 105768K [0x00000000d5580000, 0x00000000ddb80000, 0x0000000100000000)
  eden space 95744K, 100% used [0x00000000d5580000,0x00000000db300000,0x00000000db300000)
  from space 14336K, 69% used [0x00000000db300000,0x00000000dbcca1b8,0x00000000dc100000)
  to   space 14848K, 0% used [0x00000000dcd00000,0x00000000dcd00000,0x00000000ddb80000)
 ParOldGen       total 88576K, used 32652K [0x0000000080000000, 0x0000000085680000, 0x00000000d5580000)
  object space 88576K, 36% used [0x0000000080000000,0x0000000081fe32c0,0x0000000085680000)
 Metaspace       used 63780K, capacity 66646K, committed 66968K, reserved 1107968K
  class space    used 8769K, capacity 9318K, committed 9392K, reserved 1048576K
Event: 60.225 GC heap after
Heap after GC invocations=25 (full 3):
 PSYoungGen      total 120832K, used 12553K [0x00000000d5580000, 0x00000000ddd80000, 0x0000000100000000)
  eden space 105984K, 0% used [0x00000000d5580000,0x00000000d5580000,0x00000000dbd00000)
  from space 14848K, 84% used [0x00000000dcd00000,0x00000000dd942500,0x00000000ddb80000)
  to   space 16384K, 0% used [0x00000000dbd00000,0x00000000dbd00000,0x00000000dcd00000)
 ParOldGen       total 88576K, used 32660K [0x0000000080000000, 0x0000000085680000, 0x00000000d5580000)
  object space 88576K, 36% used [0x0000000080000000,0x0000000081fe52c0,0x0000000085680000)
 Metaspace       used 63780K, capacity 66646K, committed 66968K, reserved 1107968K
  class space    used 8769K, capacity 9318K, committed 9392K, reserved 1048576K
}
Event: 63.634 GC heap before
{Heap before GC invocations=26 (full 3):
 PSYoungGen      total 120832K, used 118537K [0x00000000d5580000, 0x00000000ddd80000, 0x0000000100000000)
  eden space 105984K, 100% used [0x00000000d5580000,0x00000000dbd00000,0x00000000dbd00000)
  from space 14848K, 84% used [0x00000000dcd00000,0x00000000dd942500,0x00000000ddb80000)
  to   space 16384K, 0% used [0x00000000dbd00000,0x00000000dbd00000,0x00000000dcd00000)
 ParOldGen       total 88576K, used 32660K [0x0000000080000000, 0x0000000085680000, 0x00000000d5580000)
  object space 88576K, 36% used [0x0000000080000000,0x0000000081fe52c0,0x0000000085680000)
 Metaspace       used 68323K, capacity 71476K, committed 71576K, reserved 1110016K
  class space    used 9521K, capacity 10133K, committed 10160K, reserved 1048576K
Event: 63.758 GC heap after
Heap after GC invocations=26 (full 3):
 PSYoungGen      total 122368K, used 16363K [0x00000000d5580000, 0x00000000e0980000, 0x0000000100000000)
  eden space 105984K, 0% used [0x00000000d5580000,0x00000000d5580000,0x00000000dbd00000)
  from space 16384K, 99% used [0x00000000dbd00000,0x00000000dccfae68,0x00000000dcd00000)
  to   space 30208K, 0% used [0x00000000dec00000,0x00000000dec00000,0x00000000e0980000)
 ParOldGen       total 88576K, used 62779K [0x0000000080000000, 0x0000000085680000, 0x00000000d5580000)
  object space 88576K, 70% used [0x0000000080000000,0x0000000083d4ef98,0x0000000085680000)
 Metaspace       used 68323K, capacity 71476K, committed 71576K, reserved 1110016K
  class space    used 9521K, capacity 10133K, committed 10160K, reserved 1048576K
}
Event: 66.772 GC heap before
{Heap before GC invocations=27 (full 3):
 PSYoungGen      total 122368K, used 122347K [0x00000000d5580000, 0x00000000e0980000, 0x0000000100000000)
  eden space 105984K, 100% used [0x00000000d5580000,0x00000000dbd00000,0x00000000dbd00000)
  from space 16384K, 99% used [0x00000000dbd00000,0x00000000dccfae68,0x00000000dcd00000)
  to   space 30208K, 0% used [0x00000000dec00000,0x00000000dec00000,0x00000000e0980000)
 ParOldGen       total 88576K, used 62779K [0x0000000080000000, 0x0000000085680000, 0x00000000d5580000)
  object space 88576K, 70% used [0x0000000080000000,0x0000000083d4ef98,0x0000000085680000)
 Metaspace       used 70935K, capacity 74468K, committed 74648K, reserved 1114112K
  class space    used 9883K, capacity 10561K, committed 10672K, reserved 1048576K
Event: 66.977 GC heap after
Heap after GC invocations=27 (full 3):
 PSYoungGen      total 142336K, used 30207K [0x00000000d5580000, 0x00000000e2700000, 0x0000000100000000)
  eden space 112128K, 0% used [0x00000000d5580000,0x00000000d5580000,0x00000000dc300000)
  from space 30208K, 99% used [0x00000000dec00000,0x00000000e097ff20,0x00000000e0980000)
  to   space 41984K, 0% used [0x00000000dc300000,0x00000000dc300000,0x00000000dec00000)
 ParOldGen       total 88576K, used 80024K [0x0000000080000000, 0x0000000085680000, 0x00000000d5580000)
  object space 88576K, 90% used [0x0000000080000000,0x0000000084e26238,0x0000000085680000)
 Metaspace       used 70935K, capacity 74468K, committed 74648K, reserved 1114112K
  class space    used 9883K, capacity 10561K, committed 10672K, reserved 1048576K
}
Event: 66.977 GC heap before
{Heap before GC invocations=28 (full 4):
 PSYoungGen      total 142336K, used 30207K [0x00000000d5580000, 0x00000000e2700000, 0x0000000100000000)
  eden space 112128K, 0% used [0x00000000d5580000,0x00000000d5580000,0x00000000dc300000)
  from space 30208K, 99% used [0x00000000dec00000,0x00000000e097ff20,0x00000000e0980000)
  to   space 41984K, 0% used [0x00000000dc300000,0x00000000dc300000,0x00000000dec00000)
 ParOldGen       total 88576K, used 80024K [0x0000000080000000, 0x0000000085680000, 0x00000000d5580000)
  object space 88576K, 90% used [0x0000000080000000,0x0000000084e26238,0x0000000085680000)
 Metaspace       used 70935K, capacity 74468K, committed 74648K, reserved 1114112K
  class space    used 9883K, capacity 10561K, committed 10672K, reserved 1048576K

