# JRE version: OpenJDK Runtime Environment (8.0_242-b01) (build 1.8.0_242-release-1644-b01)
# Java VM: OpenJDK 64-Bit Server VM (25.242-b01 mixed mode windows-amd64 compressed oops)
Heap:
 PSYoungGen      total 114688K, used 91135K [0x00000000d5580000, 0x00000000dfb80000, 0x0000000100000000)
  eden space 74240K, 81% used [0x00000000d5580000,0x00000000d90a3cc8,0x00000000d9e00000)
  from space 40448K, 75% used [0x00000000d9e00000,0x00000000dbbdc020,0x00000000dc580000)
  to   space 41984K, 0% used [0x00000000dd280000,0x00000000dd280000,0x00000000dfb80000)
 ParOldGen       total 94720K, used 70886K [0x0000000080000000, 0x0000000085c80000, 0x00000000d5580000)
  object space 94720K, 74% used [0x0000000080000000,0x0000000084539a48,0x0000000085c80000)
 Metaspace       used 91000K, capacity 95656K, committed 95960K, reserved 1132544K
  class space    used 12068K, capacity 12998K, committed 13056K, reserved 1048576K
GC Heap History (10 events):
Event: 3919.143 GC heap before
{Heap before GC invocations=48 (full 3):
 PSYoungGen      total 95744K, used 78288K [0x00000000d5580000, 0x00000000ddd00000, 0x0000000100000000)
  eden space 56832K, 100% used [0x00000000d5580000,0x00000000d8d00000,0x00000000d8d00000)
  from space 38912K, 55% used [0x00000000db700000,0x00000000dcbf4030,0x00000000ddd00000)
  to   space 40960K, 0% used [0x00000000d8d00000,0x00000000d8d00000,0x00000000db500000)
 ParOldGen       total 94720K, used 54089K [0x0000000080000000, 0x0000000085c80000, 0x00000000d5580000)
  object space 94720K, 57% used [0x0000000080000000,0x00000000834d2520,0x0000000085c80000)
 Metaspace       used 75937K, capacity 79498K, committed 79576K, reserved 1118208K
  class space    used 9975K, capacity 10674K, committed 10752K, reserved 1048576K
Event: 3919.269 GC heap after
Heap after GC invocations=48 (full 3):
 PSYoungGen      total 97792K, used 21586K [0x00000000d5580000, 0x00000000de180000, 0x0000000100000000)
  eden space 56832K, 0% used [0x00000000d5580000,0x00000000d5580000,0x00000000d8d00000)
  from space 40960K, 52% used [0x00000000d8d00000,0x00000000da214928,0x00000000db500000)
  to   space 39936K, 0% used [0x00000000dba80000,0x00000000dba80000,0x00000000de180000)
 ParOldGen       total 94720K, used 55975K [0x0000000080000000, 0x0000000085c80000, 0x00000000d5580000)
  object space 94720K, 59% used [0x0000000080000000,0x00000000836a9e40,0x0000000085c80000)
 Metaspace       used 75937K, capacity 79498K, committed 79576K, reserved 1118208K
  class space    used 9975K, capacity 10674K, committed 10752K, reserved 1048576K
}
Event: 3946.846 GC heap before
{Heap before GC invocations=49 (full 3):
 PSYoungGen      total 97792K, used 78418K [0x00000000d5580000, 0x00000000de180000, 0x0000000100000000)
  eden space 56832K, 100% used [0x00000000d5580000,0x00000000d8d00000,0x00000000d8d00000)
  from space 40960K, 52% used [0x00000000d8d00000,0x00000000da214928,0x00000000db500000)
  to   space 39936K, 0% used [0x00000000dba80000,0x00000000dba80000,0x00000000de180000)
 ParOldGen       total 94720K, used 55975K [0x0000000080000000, 0x0000000085c80000, 0x00000000d5580000)
  object space 94720K, 59% used [0x0000000080000000,0x00000000836a9e40,0x0000000085c80000)
 Metaspace       used 81655K, capacity 85320K, committed 85592K, reserved 1124352K
  class space    used 10651K, capacity 11356K, committed 11392K, reserved 1048576K
Event: 3946.971 GC heap after
Heap after GC invocations=49 (full 3):
 PSYoungGen      total 102912K, used 25993K [0x00000000d5580000, 0x00000000de200000, 0x0000000100000000)
  eden space 62976K, 0% used [0x00000000d5580000,0x00000000d5580000,0x00000000d9300000)
  from space 39936K, 65% used [0x00000000dba80000,0x00000000dd3e2410,0x00000000de180000)
  to   space 40448K, 0% used [0x00000000d9300000,0x00000000d9300000,0x00000000dba80000)
 ParOldGen       total 94720K, used 57633K [0x0000000080000000, 0x0000000085c80000, 0x00000000d5580000)
  object space 94720K, 60% used [0x0000000080000000,0x0000000083848770,0x0000000085c80000)
 Metaspace       used 81655K, capacity 85320K, committed 85592K, reserved 1124352K
  class space    used 10651K, capacity 11356K, committed 11392K, reserved 1048576K
}
Event: 3949.024 GC heap before
{Heap before GC invocations=50 (full 3):
 PSYoungGen      total 102912K, used 88969K [0x00000000d5580000, 0x00000000de200000, 0x0000000100000000)
  eden space 62976K, 100% used [0x00000000d5580000,0x00000000d9300000,0x00000000d9300000)
  from space 39936K, 65% used [0x00000000dba80000,0x00000000dd3e2410,0x00000000de180000)
  to   space 40448K, 0% used [0x00000000d9300000,0x00000000d9300000,0x00000000dba80000)
 ParOldGen       total 94720K, used 57633K [0x0000000080000000, 0x0000000085c80000, 0x00000000d5580000)
  object space 94720K, 60% used [0x0000000080000000,0x0000000083848770,0x0000000085c80000)
 Metaspace       used 81668K, capacity 85320K, committed 85592K, reserved 1124352K
  class space    used 10651K, capacity 11356K, committed 11392K, reserved 1048576K
Event: 3949.556 GC heap after
Heap after GC invocations=50 (full 3):
 PSYoungGen      total 103424K, used 29514K [0x00000000d5580000, 0x00000000df180000, 0x0000000100000000)
  eden space 62976K, 0% used [0x00000000d5580000,0x00000000d5580000,0x00000000d9300000)
  from space 40448K, 72% used [0x00000000d9300000,0x00000000dafd2910,0x00000000dba80000)
  to   space 42496K, 0% used [0x00000000dc800000,0x00000000dc800000,0x00000000df180000)
 ParOldGen       total 94720K, used 57641K [0x0000000080000000, 0x0000000085c80000, 0x00000000d5580000)
  object space 94720K, 60% used [0x0000000080000000,0x000000008384a770,0x0000000085c80000)
 Metaspace       used 81668K, capacity 85320K, committed 85592K, reserved 1124352K
  class space    used 10651K, capacity 11356K, committed 11392K, reserved 1048576K
}
Event: 3962.694 GC heap before
{Heap before GC invocations=51 (full 3):
 PSYoungGen      total 103424K, used 92490K [0x00000000d5580000, 0x00000000df180000, 0x0000000100000000)
  eden space 62976K, 100% used [0x00000000d5580000,0x00000000d9300000,0x00000000d9300000)
  from space 40448K, 72% used [0x00000000d9300000,0x00000000dafd2910,0x00000000dba80000)
  to   space 42496K, 0% used [0x00000000dc800000,0x00000000dc800000,0x00000000df180000)
 ParOldGen       total 94720K, used 57641K [0x0000000080000000, 0x0000000085c80000, 0x00000000d5580000)
  object space 94720K, 60% used [0x0000000080000000,0x000000008384a770,0x0000000085c80000)
 Metaspace       used 83873K, capacity 87660K, committed 87768K, reserved 1126400K
  class space    used 10985K, capacity 11700K, committed 11776K, reserved 1048576K
Event: 3962.859 GC heap after
Heap after GC invocations=51 (full 3):
 PSYoungGen      total 112128K, used 21325K [0x00000000d5580000, 0x00000000ded00000, 0x0000000100000000)
  eden space 74240K, 0% used [0x00000000d5580000,0x00000000d5580000,0x00000000d9e00000)
  from space 37888K, 56% used [0x00000000dc800000,0x00000000ddcd35c8,0x00000000ded00000)
  to   space 40448K, 0% used [0x00000000d9e00000,0x00000000d9e00000,0x00000000dc580000)
 ParOldGen       total 94720K, used 68050K [0x0000000080000000, 0x0000000085c80000, 0x00000000d5580000)
  object space 94720K, 71% used [0x0000000080000000,0x0000000084274a88,0x0000000085c80000)
 Metaspace       used 83873K, capacity 87660K, committed 87768K, reserved 1126400K
  class space    used 10985K, capacity 11700K, committed 11776K, reserved 1048576K
}
Event: 3987.697 GC heap before
{Heap before GC invocations=52 (full 3):
 PSYoungGen      total 112128K, used 95565K [0x00000000d5580000, 0x00000000ded00000, 0x0000000100000000)
  eden space 74240K, 100% used [0x00000000d5580000,0x00000000d9e00000,0x00000000d9e00000)
  from space 37888K, 56% used [0x00000000dc800000,0x00000000ddcd35c8,0x00000000ded00000)
  to   space 40448K, 0% used [0x00000000d9e00000,0x00000000d9e00000,0x00000000dc580000)
 ParOldGen       total 94720K, used 68050K [0x0000000080000000, 0x0000000085c80000, 0x00000000d5580000)
  object space 94720K, 71% used [0x0000000080000000,0x0000000084274a88,0x0000000085c80000)
 Metaspace       used 89984K, capacity 94514K, committed 94680K, reserved 1130496K
  class space    used 11874K, capacity 12771K, committed 12800K, reserved 1048576K
Event: 3987.944 GC heap after
Heap after GC invocations=52 (full 3):
 PSYoungGen      total 114688K, used 30576K [0x00000000d5580000, 0x00000000dfb80000, 0x0000000100000000)
  eden space 74240K, 0% used [0x00000000d5580000,0x00000000d5580000,0x00000000d9e00000)
  from space 40448K, 75% used [0x00000000d9e00000,0x00000000dbbdc020,0x00000000dc580000)
  to   space 41984K, 0% used [0x00000000dd280000,0x00000000dd280000,0x00000000dfb80000)
 ParOldGen       total 94720K, used 70886K [0x0000000080000000, 0x0000000085c80000, 0x00000000d5580000)
  object space 94720K, 74% used [0x0000000080000000,0x0000000084539a48,0x0000000085c80000)
 Metaspace       used 89984K, capacity 94514K, committed 94680K, reserved 1130496K
  class space    used 11874K, capacity 12771K, committed 12800K, reserved 1048576K
}

