# JRE version: OpenJDK Runtime Environment (8.0_242-b01) (build 1.8.0_242-release-1644-b01)
# Java VM: OpenJDK 64-Bit Server VM (25.242-b01 mixed mode windows-amd64 compressed oops)
Heap:
 PSYoungGen      total 193024K, used 77204K [0x00000000d5580000, 0x00000000e5800000, 0x0000000100000000)
  eden space 179712K, 35% used [0x00000000d5580000,0x00000000d93e9950,0x00000000e0500000)
  from space 13312K, 99% used [0x00000000e0500000,0x00000000e11fb878,0x00000000e1200000)
  to   space 22528K, 0% used [0x00000000e4200000,0x00000000e4200000,0x00000000e5800000)
 ParOldGen       total 51712K, used 39302K [0x0000000080000000, 0x0000000083280000, 0x00000000d5580000)
  object space 51712K, 76% used [0x0000000080000000,0x0000000082661880,0x0000000083280000)
 Metaspace       used 65640K, capacity 68804K, committed 69016K, reserved 1107968K
  class space    used 9038K, capacity 9645K, committed 9648K, reserved 1048576K
GC Heap History (10 events):
Event: 11.561 GC heap before
{Heap before GC invocations=12 (full 2):
 PSYoungGen      total 191488K, used 8313K [0x00000000d5580000, 0x00000000e1f00000, 0x0000000100000000)
  eden space 179712K, 0% used [0x00000000d5580000,0x00000000d5580000,0x00000000e0500000)
  from space 11776K, 70% used [0x00000000e1380000,0x00000000e1b9e740,0x00000000e1f00000)
  to   space 13312K, 0% used [0x00000000e0500000,0x00000000e0500000,0x00000000e1200000)
 ParOldGen       total 34304K, used 12995K [0x0000000080000000, 0x0000000082180000, 0x00000000d5580000)
  object space 34304K, 37% used [0x0000000080000000,0x0000000080cb0df8,0x0000000082180000)
 Metaspace       used 34367K, capacity 35420K, committed 35496K, reserved 1079296K
  class space    used 4732K, capacity 5003K, committed 5040K, reserved 1048576K
Event: 11.717 GC heap after
Heap after GC invocations=12 (full 2):
 PSYoungGen      total 191488K, used 0K [0x00000000d5580000, 0x00000000e1f00000, 0x0000000100000000)
  eden space 179712K, 0% used [0x00000000d5580000,0x00000000d5580000,0x00000000e0500000)
  from space 11776K, 0% used [0x00000000e1380000,0x00000000e1380000,0x00000000e1f00000)
  to   space 13312K, 0% used [0x00000000e0500000,0x00000000e0500000,0x00000000e1200000)
 ParOldGen       total 51712K, used 14666K [0x0000000080000000, 0x0000000083280000, 0x00000000d5580000)
  object space 51712K, 28% used [0x0000000080000000,0x0000000080e52920,0x0000000083280000)
 Metaspace       used 34367K, capacity 35420K, committed 35496K, reserved 1079296K
  class space    used 4732K, capacity 5003K, committed 5040K, reserved 1048576K
}
Event: 20.079 GC heap before
{Heap before GC invocations=13 (full 2):
 PSYoungGen      total 191488K, used 179712K [0x00000000d5580000, 0x00000000e1f00000, 0x0000000100000000)
  eden space 179712K, 100% used [0x00000000d5580000,0x00000000e0500000,0x00000000e0500000)
  from space 11776K, 0% used [0x00000000e1380000,0x00000000e1380000,0x00000000e1f00000)
  to   space 13312K, 0% used [0x00000000e0500000,0x00000000e0500000,0x00000000e1200000)
 ParOldGen       total 51712K, used 14666K [0x0000000080000000, 0x0000000083280000, 0x00000000d5580000)
  object space 51712K, 28% used [0x0000000080000000,0x0000000080e52920,0x0000000083280000)
 Metaspace       used 44439K, capacity 46184K, committed 46376K, reserved 1089536K
  class space    used 6036K, capacity 6380K, committed 6448K, reserved 1048576K
Event: 20.112 GC heap after
Heap after GC invocations=13 (full 2):
 PSYoungGen      total 193024K, used 13283K [0x00000000d5580000, 0x00000000e5280000, 0x0000000100000000)
  eden space 179712K, 0% used [0x00000000d5580000,0x00000000d5580000,0x00000000e0500000)
  from space 13312K, 99% used [0x00000000e0500000,0x00000000e11f8ed8,0x00000000e1200000)
  to   space 15360K, 0% used [0x00000000e4380000,0x00000000e4380000,0x00000000e5280000)
 ParOldGen       total 51712K, used 14986K [0x0000000080000000, 0x0000000083280000, 0x00000000d5580000)
  object space 51712K, 28% used [0x0000000080000000,0x0000000080ea2a80,0x0000000083280000)
 Metaspace       used 44439K, capacity 46184K, committed 46376K, reserved 1089536K
  class space    used 6036K, capacity 6380K, committed 6448K, reserved 1048576K
}
Event: 24.985 GC heap before
{Heap before GC invocations=14 (full 2):
 PSYoungGen      total 193024K, used 164115K [0x00000000d5580000, 0x00000000e5280000, 0x0000000100000000)
  eden space 179712K, 83% used [0x00000000d5580000,0x00000000de8cbee0,0x00000000e0500000)
  from space 13312K, 99% used [0x00000000e0500000,0x00000000e11f8ed8,0x00000000e1200000)
  to   space 15360K, 0% used [0x00000000e4380000,0x00000000e4380000,0x00000000e5280000)
 ParOldGen       total 51712K, used 14986K [0x0000000080000000, 0x0000000083280000, 0x00000000d5580000)
  object space 51712K, 28% used [0x0000000080000000,0x0000000080ea2a80,0x0000000083280000)
 Metaspace       used 56819K, capacity 59110K, committed 59160K, reserved 1099776K
  class space    used 7770K, capacity 8232K, committed 8240K, reserved 1048576K
Event: 25.127 GC heap after
Heap after GC invocations=14 (full 2):
 PSYoungGen      total 195072K, used 15350K [0x00000000d5580000, 0x00000000e5280000, 0x0000000100000000)
  eden space 179712K, 0% used [0x00000000d5580000,0x00000000d5580000,0x00000000e0500000)
  from space 15360K, 99% used [0x00000000e4380000,0x00000000e527d970,0x00000000e5280000)
  to   space 13312K, 0% used [0x00000000e0500000,0x00000000e0500000,0x00000000e1200000)
 ParOldGen       total 51712K, used 24398K [0x0000000080000000, 0x0000000083280000, 0x00000000d5580000)
  object space 51712K, 47% used [0x0000000080000000,0x00000000817d3b40,0x0000000083280000)
 Metaspace       used 56819K, capacity 59110K, committed 59160K, reserved 1099776K
  class space    used 7770K, capacity 8232K, committed 8240K, reserved 1048576K
}
Event: 25.127 GC heap before
{Heap before GC invocations=15 (full 3):
 PSYoungGen      total 195072K, used 15350K [0x00000000d5580000, 0x00000000e5280000, 0x0000000100000000)
  eden space 179712K, 0% used [0x00000000d5580000,0x00000000d5580000,0x00000000e0500000)
  from space 15360K, 99% used [0x00000000e4380000,0x00000000e527d970,0x00000000e5280000)
  to   space 13312K, 0% used [0x00000000e0500000,0x00000000e0500000,0x00000000e1200000)
 ParOldGen       total 51712K, used 24398K [0x0000000080000000, 0x0000000083280000, 0x00000000d5580000)
  object space 51712K, 47% used [0x0000000080000000,0x00000000817d3b40,0x0000000083280000)
 Metaspace       used 56819K, capacity 59110K, committed 59160K, reserved 1099776K
  class space    used 7770K, capacity 8232K, committed 8240K, reserved 1048576K
Event: 25.668 GC heap after
Heap after GC invocations=15 (full 3):
 PSYoungGen      total 195072K, used 0K [0x00000000d5580000, 0x00000000e5280000, 0x0000000100000000)
  eden space 179712K, 0% used [0x00000000d5580000,0x00000000d5580000,0x00000000e0500000)
  from space 15360K, 0% used [0x00000000e4380000,0x00000000e4380000,0x00000000e5280000)
  to   space 13312K, 0% used [0x00000000e0500000,0x00000000e0500000,0x00000000e1200000)
 ParOldGen       total 51712K, used 36388K [0x0000000080000000, 0x0000000083280000, 0x00000000d5580000)
  object space 51712K, 70% used [0x0000000080000000,0x0000000082389358,0x0000000083280000)
 Metaspace       used 56809K, capacity 59074K, committed 59160K, reserved 1099776K
  class space    used 7767K, capacity 8226K, committed 8240K, reserved 1048576K
}
Event: 45.659 GC heap before
{Heap before GC invocations=16 (full 3):
 PSYoungGen      total 195072K, used 179712K [0x00000000d5580000, 0x00000000e5280000, 0x0000000100000000)
  eden space 179712K, 100% used [0x00000000d5580000,0x00000000e0500000,0x00000000e0500000)
  from space 15360K, 0% used [0x00000000e4380000,0x00000000e4380000,0x00000000e5280000)
  to   space 13312K, 0% used [0x00000000e0500000,0x00000000e0500000,0x00000000e1200000)
 ParOldGen       total 51712K, used 36388K [0x0000000080000000, 0x0000000083280000, 0x00000000d5580000)
  object space 51712K, 70% used [0x0000000080000000,0x0000000082389358,0x0000000083280000)
 Metaspace       used 63803K, capacity 66796K, committed 66968K, reserved 1107968K
  class space    used 8783K, capacity 9369K, committed 9392K, reserved 1048576K
Event: 45.714 GC heap after
Heap after GC invocations=16 (full 3):
 PSYoungGen      total 193024K, used 13294K [0x00000000d5580000, 0x00000000e5800000, 0x0000000100000000)
  eden space 179712K, 0% used [0x00000000d5580000,0x00000000d5580000,0x00000000e0500000)
  from space 13312K, 99% used [0x00000000e0500000,0x00000000e11fb878,0x00000000e1200000)
  to   space 22528K, 0% used [0x00000000e4200000,0x00000000e4200000,0x00000000e5800000)
 ParOldGen       total 51712K, used 39302K [0x0000000080000000, 0x0000000083280000, 0x00000000d5580000)
  object space 51712K, 76% used [0x0000000080000000,0x0000000082661880,0x0000000083280000)
 Metaspace       used 63803K, capacity 66796K, committed 66968K, reserved 1107968K
  class space    used 8783K, capacity 9369K, committed 9392K, reserved 1048576K
}

