# JRE version: OpenJDK Runtime Environment (8.0_242-b01) (build 1.8.0_242-release-1644-b01)
# Java VM: OpenJDK 64-Bit Server VM (25.242-b01 mixed mode windows-amd64 compressed oops)
Heap:
 PSYoungGen      total 226816K, used 154201K [0x00000000d5580000, 0x00000000e5200000, 0x0000000100000000)
  eden space 211456K, 65% used [0x00000000d5580000,0x00000000ddd36318,0x00000000e2400000)
  from space 15360K, 99% used [0x00000000e4300000,0x00000000e51e03d0,0x00000000e5200000)
  to   space 17408K, 0% used [0x00000000e3000000,0x00000000e3000000,0x00000000e4100000)
 ParOldGen       total 47616K, used 32857K [0x0000000080000000, 0x0000000082e80000, 0x00000000d5580000)
  object space 47616K, 69% used [0x0000000080000000,0x00000000820164e8,0x0000000082e80000)
 Metaspace       used 68356K, capacity 71604K, committed 71832K, reserved 1112064K
  class space    used 9527K, capacity 10143K, committed 10160K, reserved 1048576K
GC Heap History (10 events):
Event: 18.884 GC heap before
{Heap before GC invocations=13 (full 2):
 PSYoungGen      total 132096K, used 121344K [0x00000000d5580000, 0x00000000e0580000, 0x0000000100000000)
  eden space 121344K, 100% used [0x00000000d5580000,0x00000000dcc00000,0x00000000dcc00000)
  from space 10752K, 0% used [0x00000000dd600000,0x00000000dd600000,0x00000000de080000)
  to   space 10240K, 0% used [0x00000000dcc00000,0x00000000dcc00000,0x00000000dd600000)
 ParOldGen       total 47616K, used 14200K [0x0000000080000000, 0x0000000082e80000, 0x00000000d5580000)
  object space 47616K, 29% used [0x0000000080000000,0x0000000080dde128,0x0000000082e80000)
 Metaspace       used 39391K, capacity 41074K, committed 41256K, reserved 1085440K
  class space    used 5437K, capacity 5813K, committed 5936K, reserved 1048576K
Event: 18.900 GC heap after
Heap after GC invocations=13 (full 2):
 PSYoungGen      total 131584K, used 8877K [0x00000000d5580000, 0x00000000e1100000, 0x0000000100000000)
  eden space 121344K, 0% used [0x00000000d5580000,0x00000000d5580000,0x00000000dcc00000)
  from space 10240K, 86% used [0x00000000dcc00000,0x00000000dd4ab778,0x00000000dd600000)
  to   space 10752K, 0% used [0x00000000e0680000,0x00000000e0680000,0x00000000e1100000)
 ParOldGen       total 47616K, used 14208K [0x0000000080000000, 0x0000000082e80000, 0x00000000d5580000)
  object space 47616K, 29% used [0x0000000080000000,0x0000000080de0128,0x0000000082e80000)
 Metaspace       used 39391K, capacity 41074K, committed 41256K, reserved 1085440K
  class space    used 5437K, capacity 5813K, committed 5936K, reserved 1048576K
}
Event: 22.561 GC heap before
{Heap before GC invocations=14 (full 2):
 PSYoungGen      total 131584K, used 130221K [0x00000000d5580000, 0x00000000e1100000, 0x0000000100000000)
  eden space 121344K, 100% used [0x00000000d5580000,0x00000000dcc00000,0x00000000dcc00000)
  from space 10240K, 86% used [0x00000000dcc00000,0x00000000dd4ab778,0x00000000dd600000)
  to   space 10752K, 0% used [0x00000000e0680000,0x00000000e0680000,0x00000000e1100000)
 ParOldGen       total 47616K, used 14208K [0x0000000080000000, 0x0000000082e80000, 0x00000000d5580000)
  object space 47616K, 29% used [0x0000000080000000,0x0000000080de0128,0x0000000082e80000)
 Metaspace       used 50782K, capacity 52880K, committed 53160K, reserved 1095680K
  class space    used 6796K, capacity 7238K, committed 7344K, reserved 1048576K
Event: 22.598 GC heap after
Heap after GC invocations=14 (full 2):
 PSYoungGen      total 176128K, used 10744K [0x00000000d5580000, 0x00000000e1780000, 0x0000000100000000)
  eden space 165376K, 0% used [0x00000000d5580000,0x00000000d5580000,0x00000000df700000)
  from space 10752K, 99% used [0x00000000e0680000,0x00000000e10fe138,0x00000000e1100000)
  to   space 15872K, 0% used [0x00000000df700000,0x00000000df700000,0x00000000e0680000)
 ParOldGen       total 47616K, used 23637K [0x0000000080000000, 0x0000000082e80000, 0x00000000d5580000)
  object space 47616K, 49% used [0x0000000080000000,0x00000000817156b0,0x0000000082e80000)
 Metaspace       used 50782K, capacity 52880K, committed 53160K, reserved 1095680K
  class space    used 6796K, capacity 7238K, committed 7344K, reserved 1048576K
}
Event: 24.486 GC heap before
{Heap before GC invocations=15 (full 2):
 PSYoungGen      total 176128K, used 79159K [0x00000000d5580000, 0x00000000e1780000, 0x0000000100000000)
  eden space 165376K, 41% used [0x00000000d5580000,0x00000000d984fba8,0x00000000df700000)
  from space 10752K, 99% used [0x00000000e0680000,0x00000000e10fe138,0x00000000e1100000)
  to   space 15872K, 0% used [0x00000000df700000,0x00000000df700000,0x00000000e0680000)
 ParOldGen       total 47616K, used 23637K [0x0000000080000000, 0x0000000082e80000, 0x00000000d5580000)
  object space 47616K, 49% used [0x0000000080000000,0x00000000817156b0,0x0000000082e80000)
 Metaspace       used 56635K, capacity 59004K, committed 59160K, reserved 1099776K
  class space    used 7759K, capacity 8233K, committed 8240K, reserved 1048576K
Event: 24.549 GC heap after
Heap after GC invocations=15 (full 2):
 PSYoungGen      total 181248K, used 8148K [0x00000000d5580000, 0x00000000e5200000, 0x0000000100000000)
  eden space 165376K, 0% used [0x00000000d5580000,0x00000000d5580000,0x00000000df700000)
  from space 15872K, 51% used [0x00000000df700000,0x00000000dfef5068,0x00000000e0680000)
  to   space 15360K, 0% used [0x00000000e4300000,0x00000000e4300000,0x00000000e5200000)
 ParOldGen       total 47616K, used 31877K [0x0000000080000000, 0x0000000082e80000, 0x00000000d5580000)
  object space 47616K, 66% used [0x0000000080000000,0x0000000081f21758,0x0000000082e80000)
 Metaspace       used 56635K, capacity 59004K, committed 59160K, reserved 1099776K
  class space    used 7759K, capacity 8233K, committed 8240K, reserved 1048576K
}
Event: 24.550 GC heap before
{Heap before GC invocations=16 (full 3):
 PSYoungGen      total 181248K, used 8148K [0x00000000d5580000, 0x00000000e5200000, 0x0000000100000000)
  eden space 165376K, 0% used [0x00000000d5580000,0x00000000d5580000,0x00000000df700000)
  from space 15872K, 51% used [0x00000000df700000,0x00000000dfef5068,0x00000000e0680000)
  to   space 15360K, 0% used [0x00000000e4300000,0x00000000e4300000,0x00000000e5200000)
 ParOldGen       total 47616K, used 31877K [0x0000000080000000, 0x0000000082e80000, 0x00000000d5580000)
  object space 47616K, 66% used [0x0000000080000000,0x0000000081f21758,0x0000000082e80000)
 Metaspace       used 56635K, capacity 59004K, committed 59160K, reserved 1099776K
  class space    used 7759K, capacity 8233K, committed 8240K, reserved 1048576K
Event: 25.028 GC heap after
Heap after GC invocations=16 (full 3):
 PSYoungGen      total 181248K, used 0K [0x00000000d5580000, 0x00000000e5200000, 0x0000000100000000)
  eden space 165376K, 0% used [0x00000000d5580000,0x00000000d5580000,0x00000000df700000)
  from space 15872K, 0% used [0x00000000df700000,0x00000000df700000,0x00000000e0680000)
  to   space 15360K, 0% used [0x00000000e4300000,0x00000000e4300000,0x00000000e5200000)
 ParOldGen       total 47616K, used 32849K [0x0000000080000000, 0x0000000082e80000, 0x00000000d5580000)
  object space 47616K, 68% used [0x0000000080000000,0x00000000820144e8,0x0000000082e80000)
 Metaspace       used 56615K, capacity 58938K, committed 59160K, reserved 1099776K
  class space    used 7753K, capacity 8222K, committed 8240K, reserved 1048576K
}
Event: 36.004 GC heap before
{Heap before GC invocations=17 (full 3):
 PSYoungGen      total 181248K, used 165376K [0x00000000d5580000, 0x00000000e5200000, 0x0000000100000000)
  eden space 165376K, 100% used [0x00000000d5580000,0x00000000df700000,0x00000000df700000)
  from space 15872K, 0% used [0x00000000df700000,0x00000000df700000,0x00000000e0680000)
  to   space 15360K, 0% used [0x00000000e4300000,0x00000000e4300000,0x00000000e5200000)
 ParOldGen       total 47616K, used 32849K [0x0000000080000000, 0x0000000082e80000, 0x00000000d5580000)
  object space 47616K, 68% used [0x0000000080000000,0x00000000820144e8,0x0000000082e80000)
 Metaspace       used 63521K, capacity 66446K, committed 66712K, reserved 1105920K
  class space    used 8749K, capacity 9346K, committed 9392K, reserved 1048576K
Event: 36.040 GC heap after
Heap after GC invocations=17 (full 3):
 PSYoungGen      total 226816K, used 15232K [0x00000000d5580000, 0x00000000e5200000, 0x0000000100000000)
  eden space 211456K, 0% used [0x00000000d5580000,0x00000000d5580000,0x00000000e2400000)
  from space 15360K, 99% used [0x00000000e4300000,0x00000000e51e03d0,0x00000000e5200000)
  to   space 17408K, 0% used [0x00000000e3000000,0x00000000e3000000,0x00000000e4100000)
 ParOldGen       total 47616K, used 32857K [0x0000000080000000, 0x0000000082e80000, 0x00000000d5580000)
  object space 47616K, 69% used [0x0000000080000000,0x00000000820164e8,0x0000000082e80000)
 Metaspace       used 63521K, capacity 66446K, committed 66712K, reserved 1105920K
  class space    used 8749K, capacity 9346K, committed 9392K, reserved 1048576K
}

