# JRE version: OpenJDK Runtime Environment (8.0_242-b01) (build 1.8.0_242-release-1644-b01)
# Java VM: OpenJDK 64-Bit Server VM (25.242-b01 mixed mode windows-amd64 compressed oops)
Heap:
 PSYoungGen      total 202752K, used 176214K [0x00000000d5580000, 0x00000000e5a00000, 0x0000000100000000)
  eden space 159232K, 95% used [0x00000000d5580000,0x00000000de9f72f0,0x00000000df100000)
  from space 43520K, 55% used [0x00000000df100000,0x00000000e089e6f0,0x00000000e1b80000)
  to   space 44544K, 0% used [0x00000000e2e80000,0x00000000e2e80000,0x00000000e5a00000)
 ParOldGen       total 154624K, used 50055K [0x0000000080000000, 0x0000000089700000, 0x00000000d5580000)
  object space 154624K, 32% used [0x0000000080000000,0x00000000830e1de0,0x0000000089700000)
 Metaspace       used 84897K, capacity 89248K, committed 89496K, reserved 1126400K
  class space    used 11339K, capacity 12178K, committed 12208K, reserved 1048576K
GC Heap History (10 events):
Event: 86.410 GC heap before
{Heap before GC invocations=21 (full 3):
 PSYoungGen      total 163328K, used 163311K [0x00000000d5580000, 0x00000000e1900000, 0x0000000100000000)
  eden space 146432K, 100% used [0x00000000d5580000,0x00000000de480000,0x00000000de480000)
  from space 16896K, 99% used [0x00000000de480000,0x00000000df4fbd40,0x00000000df500000)
  to   space 21504K, 0% used [0x00000000e0400000,0x00000000e0400000,0x00000000e1900000)
 ParOldGen       total 98304K, used 39032K [0x0000000080000000, 0x0000000086000000, 0x00000000d5580000)
  object space 98304K, 39% used [0x0000000080000000,0x000000008261e320,0x0000000086000000)
 Metaspace       used 77595K, capacity 81364K, committed 81560K, reserved 1120256K
  class space    used 10667K, capacity 11410K, committed 11440K, reserved 1048576K
Event: 86.517 GC heap after
Heap after GC invocations=21 (full 3):
 PSYoungGen      total 168960K, used 21491K [0x00000000d5580000, 0x00000000e2d00000, 0x0000000100000000)
  eden space 147456K, 0% used [0x00000000d5580000,0x00000000d5580000,0x00000000de580000)
  from space 21504K, 99% used [0x00000000e0400000,0x00000000e18fcf70,0x00000000e1900000)
  to   space 31232K, 0% used [0x00000000de580000,0x00000000de580000,0x00000000e0400000)
 ParOldGen       total 98304K, used 54994K [0x0000000080000000, 0x0000000086000000, 0x00000000d5580000)
  object space 98304K, 55% used [0x0000000080000000,0x00000000835b4a30,0x0000000086000000)
 Metaspace       used 77595K, capacity 81364K, committed 81560K, reserved 1120256K
  class space    used 10667K, capacity 11410K, committed 11440K, reserved 1048576K
}
Event: 96.780 GC heap before
{Heap before GC invocations=22 (full 3):
 PSYoungGen      total 168960K, used 168947K [0x00000000d5580000, 0x00000000e2d00000, 0x0000000100000000)
  eden space 147456K, 100% used [0x00000000d5580000,0x00000000de580000,0x00000000de580000)
  from space 21504K, 99% used [0x00000000e0400000,0x00000000e18fcf70,0x00000000e1900000)
  to   space 31232K, 0% used [0x00000000de580000,0x00000000de580000,0x00000000e0400000)
 ParOldGen       total 98304K, used 54994K [0x0000000080000000, 0x0000000086000000, 0x00000000d5580000)
  object space 98304K, 55% used [0x0000000080000000,0x00000000835b4a30,0x0000000086000000)
 Metaspace       used 80484K, capacity 84758K, committed 84888K, reserved 1122304K
  class space    used 11067K, capacity 11865K, committed 11952K, reserved 1048576K
Event: 96.968 GC heap after
Heap after GC invocations=22 (full 3):
 PSYoungGen      total 178688K, used 31205K [0x00000000d5580000, 0x00000000e4b00000, 0x0000000100000000)
  eden space 147456K, 0% used [0x00000000d5580000,0x00000000d5580000,0x00000000de580000)
  from space 31232K, 99% used [0x00000000de580000,0x00000000e03f9400,0x00000000e0400000)
  to   space 45056K, 0% used [0x00000000e1f00000,0x00000000e1f00000,0x00000000e4b00000)
 ParOldGen       total 98304K, used 77815K [0x0000000080000000, 0x0000000086000000, 0x00000000d5580000)
  object space 98304K, 79% used [0x0000000080000000,0x0000000084bfdf28,0x0000000086000000)
 Metaspace       used 80484K, capacity 84758K, committed 84888K, reserved 1122304K
  class space    used 11067K, capacity 11865K, committed 11952K, reserved 1048576K
}
Event: 709.422 GC heap before
{Heap before GC invocations=23 (full 3):
 PSYoungGen      total 178688K, used 178661K [0x00000000d5580000, 0x00000000e4b00000, 0x0000000100000000)
  eden space 147456K, 100% used [0x00000000d5580000,0x00000000de580000,0x00000000de580000)
  from space 31232K, 99% used [0x00000000de580000,0x00000000e03f9400,0x00000000e0400000)
  to   space 45056K, 0% used [0x00000000e1f00000,0x00000000e1f00000,0x00000000e4b00000)
 ParOldGen       total 98304K, used 77815K [0x0000000080000000, 0x0000000086000000, 0x00000000d5580000)
  object space 98304K, 79% used [0x0000000080000000,0x0000000084bfdf28,0x0000000086000000)
 Metaspace       used 84484K, capacity 88872K, committed 88984K, reserved 1126400K
  class space    used 11344K, capacity 12188K, committed 12208K, reserved 1048576K
Event: 711.433 GC heap after
Heap after GC invocations=23 (full 3):
 PSYoungGen      total 199168K, used 5425K [0x00000000d5580000, 0x00000000e4600000, 0x0000000100000000)
  eden space 159232K, 0% used [0x00000000d5580000,0x00000000d5580000,0x00000000df100000)
  from space 39936K, 13% used [0x00000000e1f00000,0x00000000e244c668,0x00000000e4600000)
  to   space 43520K, 0% used [0x00000000df100000,0x00000000df100000,0x00000000e1b80000)
 ParOldGen       total 98304K, used 94308K [0x0000000080000000, 0x0000000086000000, 0x00000000d5580000)
  object space 98304K, 95% used [0x0000000080000000,0x0000000085c192d8,0x0000000086000000)
 Metaspace       used 84484K, capacity 88872K, committed 88984K, reserved 1126400K
  class space    used 11344K, capacity 12188K, committed 12208K, reserved 1048576K
}
Event: 711.434 GC heap before
{Heap before GC invocations=24 (full 4):
 PSYoungGen      total 199168K, used 5425K [0x00000000d5580000, 0x00000000e4600000, 0x0000000100000000)
  eden space 159232K, 0% used [0x00000000d5580000,0x00000000d5580000,0x00000000df100000)
  from space 39936K, 13% used [0x00000000e1f00000,0x00000000e244c668,0x00000000e4600000)
  to   space 43520K, 0% used [0x00000000df100000,0x00000000df100000,0x00000000e1b80000)
 ParOldGen       total 98304K, used 94308K [0x0000000080000000, 0x0000000086000000, 0x00000000d5580000)
  object space 98304K, 95% used [0x0000000080000000,0x0000000085c192d8,0x0000000086000000)
 Metaspace       used 84484K, capacity 88872K, committed 88984K, reserved 1126400K
  class space    used 11344K, capacity 12188K, committed 12208K, reserved 1048576K
Event: 715.314 GC heap after
Heap after GC invocations=24 (full 4):
 PSYoungGen      total 199168K, used 0K [0x00000000d5580000, 0x00000000e4600000, 0x0000000100000000)
  eden space 159232K, 0% used [0x00000000d5580000,0x00000000d5580000,0x00000000df100000)
  from space 39936K, 0% used [0x00000000e1f00000,0x00000000e1f00000,0x00000000e4600000)
  to   space 43520K, 0% used [0x00000000df100000,0x00000000df100000,0x00000000e1b80000)
 ParOldGen       total 154624K, used 50047K [0x0000000080000000, 0x0000000089700000, 0x00000000d5580000)
  object space 154624K, 32% used [0x0000000080000000,0x00000000830dfde0,0x0000000089700000)
 Metaspace       used 84434K, capacity 88726K, committed 88984K, reserved 1126400K
  class space    used 11328K, capacity 12161K, committed 12208K, reserved 1048576K
}
Event: 745.350 GC heap before
{Heap before GC invocations=25 (full 4):
 PSYoungGen      total 199168K, used 159232K [0x00000000d5580000, 0x00000000e4600000, 0x0000000100000000)
  eden space 159232K, 100% used [0x00000000d5580000,0x00000000df100000,0x00000000df100000)
  from space 39936K, 0% used [0x00000000e1f00000,0x00000000e1f00000,0x00000000e4600000)
  to   space 43520K, 0% used [0x00000000df100000,0x00000000df100000,0x00000000e1b80000)
 ParOldGen       total 154624K, used 50047K [0x0000000080000000, 0x0000000089700000, 0x00000000d5580000)
  object space 154624K, 32% used [0x0000000080000000,0x00000000830dfde0,0x0000000089700000)
 Metaspace       used 84874K, capacity 89248K, committed 89496K, reserved 1126400K
  class space    used 11339K, capacity 12178K, committed 12208K, reserved 1048576K
Event: 746.131 GC heap after
Heap after GC invocations=25 (full 4):
 PSYoungGen      total 202752K, used 24185K [0x00000000d5580000, 0x00000000e5a00000, 0x0000000100000000)
  eden space 159232K, 0% used [0x00000000d5580000,0x00000000d5580000,0x00000000df100000)
  from space 43520K, 55% used [0x00000000df100000,0x00000000e089e6f0,0x00000000e1b80000)
  to   space 44544K, 0% used [0x00000000e2e80000,0x00000000e2e80000,0x00000000e5a00000)
 ParOldGen       total 154624K, used 50055K [0x0000000080000000, 0x0000000089700000, 0x00000000d5580000)
  object space 154624K, 32% used [0x0000000080000000,0x00000000830e1de0,0x0000000089700000)
 Metaspace       used 84874K, capacity 89248K, committed 89496K, reserved 1126400K
  class space    used 11339K, capacity 12178K, committed 12208K, reserved 1048576K
}

