# JRE version: OpenJDK Runtime Environment (8.0_242-b01) (build 1.8.0_242-release-1644-b01)
# Java VM: OpenJDK 64-Bit Server VM (25.242-b01 mixed mode windows-amd64 compressed oops)
Heap:
 PSYoungGen      total 230912K, used 147729K [0x00000000d5580000, 0x00000000e4a80000, 0x0000000100000000)
  eden space 211456K, 69% used [0x00000000d5580000,0x00000000de5c45c8,0x00000000e2400000)
  from space 19456K, 0% used [0x00000000e3600000,0x00000000e3600000,0x00000000e4900000)
  to   space 18432K, 0% used [0x00000000e2400000,0x00000000e2400000,0x00000000e3600000)
 ParOldGen       total 116224K, used 53763K [0x0000000080000000, 0x0000000087180000, 0x00000000d5580000)
  object space 116224K, 46% used [0x0000000080000000,0x0000000083480f78,0x0000000087180000)
 Metaspace       used 89454K, capacity 94048K, committed 94168K, reserved 1130496K
  class space    used 12139K, capacity 13054K, committed 13056K, reserved 1048576K
GC Heap History (10 events):
Event: 247.450 GC heap before
{Heap before GC invocations=18 (full 3):
 PSYoungGen      total 182784K, used 166912K [0x00000000d5580000, 0x00000000e2780000, 0x0000000100000000)
  eden space 166912K, 100% used [0x00000000d5580000,0x00000000df880000,0x00000000df880000)
  from space 15872K, 0% used [0x00000000e0880000,0x00000000e0880000,0x00000000e1800000)
  to   space 16384K, 0% used [0x00000000df880000,0x00000000df880000,0x00000000e0880000)
 ParOldGen       total 75776K, used 32773K [0x0000000080000000, 0x0000000084a00000, 0x00000000d5580000)
  object space 75776K, 43% used [0x0000000080000000,0x00000000820014a0,0x0000000084a00000)
 Metaspace       used 64566K, capacity 67516K, committed 67672K, reserved 1107968K
  class space    used 8911K, capacity 9519K, committed 9600K, reserved 1048576K
Event: 248.271 GC heap after
Heap after GC invocations=18 (full 3):
 PSYoungGen      total 183296K, used 16376K [0x00000000d5580000, 0x00000000e4900000, 0x0000000100000000)
  eden space 166912K, 0% used [0x00000000d5580000,0x00000000d5580000,0x00000000df880000)
  from space 16384K, 99% used [0x00000000df880000,0x00000000e087e0a0,0x00000000e0880000)
  to   space 19456K, 0% used [0x00000000e3600000,0x00000000e3600000,0x00000000e4900000)
 ParOldGen       total 75776K, used 33945K [0x0000000080000000, 0x0000000084a00000, 0x00000000d5580000)
  object space 75776K, 44% used [0x0000000080000000,0x0000000082126568,0x0000000084a00000)
 Metaspace       used 64566K, capacity 67516K, committed 67672K, reserved 1107968K
  class space    used 8911K, capacity 9519K, committed 9600K, reserved 1048576K
}
Event: 376.974 GC heap before
{Heap before GC invocations=19 (full 3):
 PSYoungGen      total 183296K, used 183288K [0x00000000d5580000, 0x00000000e4900000, 0x0000000100000000)
  eden space 166912K, 100% used [0x00000000d5580000,0x00000000df880000,0x00000000df880000)
  from space 16384K, 99% used [0x00000000df880000,0x00000000e087e0a0,0x00000000e0880000)
  to   space 19456K, 0% used [0x00000000e3600000,0x00000000e3600000,0x00000000e4900000)
 ParOldGen       total 75776K, used 33945K [0x0000000080000000, 0x0000000084a00000, 0x00000000d5580000)
  object space 75776K, 44% used [0x0000000080000000,0x0000000082126568,0x0000000084a00000)
 Metaspace       used 71446K, capacity 74570K, committed 74840K, reserved 1114112K
  class space    used 9680K, capacity 10322K, committed 10368K, reserved 1048576K
Event: 380.045 GC heap after
Heap after GC invocations=19 (full 3):
 PSYoungGen      total 230912K, used 8893K [0x00000000d5580000, 0x00000000e4a80000, 0x0000000100000000)
  eden space 211456K, 0% used [0x00000000d5580000,0x00000000d5580000,0x00000000e2400000)
  from space 19456K, 45% used [0x00000000e3600000,0x00000000e3eaf7d8,0x00000000e4900000)
  to   space 18432K, 0% used [0x00000000e2400000,0x00000000e2400000,0x00000000e3600000)
 ParOldGen       total 75776K, used 42045K [0x0000000080000000, 0x0000000084a00000, 0x00000000d5580000)
  object space 75776K, 55% used [0x0000000080000000,0x000000008290f618,0x0000000084a00000)
 Metaspace       used 71446K, capacity 74570K, committed 74840K, reserved 1114112K
  class space    used 9680K, capacity 10322K, committed 10368K, reserved 1048576K
}
Event: 445.825 GC heap before
{Heap before GC invocations=20 (full 3):
 PSYoungGen      total 230912K, used 220349K [0x00000000d5580000, 0x00000000e4a80000, 0x0000000100000000)
  eden space 211456K, 100% used [0x00000000d5580000,0x00000000e2400000,0x00000000e2400000)
  from space 19456K, 45% used [0x00000000e3600000,0x00000000e3eaf7d8,0x00000000e4900000)
  to   space 18432K, 0% used [0x00000000e2400000,0x00000000e2400000,0x00000000e3600000)
 ParOldGen       total 75776K, used 42045K [0x0000000080000000, 0x0000000084a00000, 0x00000000d5580000)
  object space 75776K, 55% used [0x0000000080000000,0x000000008290f618,0x0000000084a00000)
 Metaspace       used 75988K, capacity 79546K, committed 79832K, reserved 1118208K
  class space    used 10276K, capacity 10954K, committed 11008K, reserved 1048576K
Event: 446.609 GC heap after
Heap after GC invocations=20 (full 3):
 PSYoungGen      total 229888K, used 18401K [0x00000000d5580000, 0x00000000e4a80000, 0x0000000100000000)
  eden space 211456K, 0% used [0x00000000d5580000,0x00000000d5580000,0x00000000e2400000)
  from space 18432K, 99% used [0x00000000e2400000,0x00000000e35f8448,0x00000000e3600000)
  to   space 19456K, 0% used [0x00000000e3600000,0x00000000e3600000,0x00000000e4900000)
 ParOldGen       total 75776K, used 53685K [0x0000000080000000, 0x0000000084a00000, 0x00000000d5580000)
  object space 75776K, 70% used [0x0000000080000000,0x000000008346d598,0x0000000084a00000)
 Metaspace       used 75988K, capacity 79546K, committed 79832K, reserved 1118208K
  class space    used 10276K, capacity 10954K, committed 11008K, reserved 1048576K
}
Event: 646.771 GC heap before
{Heap before GC invocations=21 (full 3):
 PSYoungGen      total 229888K, used 229857K [0x00000000d5580000, 0x00000000e4a80000, 0x0000000100000000)
  eden space 211456K, 100% used [0x00000000d5580000,0x00000000e2400000,0x00000000e2400000)
  from space 18432K, 99% used [0x00000000e2400000,0x00000000e35f8448,0x00000000e3600000)
  to   space 19456K, 0% used [0x00000000e3600000,0x00000000e3600000,0x00000000e4900000)
 ParOldGen       total 75776K, used 53685K [0x0000000080000000, 0x0000000084a00000, 0x00000000d5580000)
  object space 75776K, 70% used [0x0000000080000000,0x000000008346d598,0x0000000084a00000)
 Metaspace       used 81384K, capacity 85614K, committed 85848K, reserved 1124352K
  class space    used 11064K, capacity 11874K, committed 11904K, reserved 1048576K
Event: 651.797 GC heap after
Heap after GC invocations=21 (full 3):
 PSYoungGen      total 230912K, used 19428K [0x00000000d5580000, 0x00000000e4a80000, 0x0000000100000000)
  eden space 211456K, 0% used [0x00000000d5580000,0x00000000d5580000,0x00000000e2400000)
  from space 19456K, 99% used [0x00000000e3600000,0x00000000e48f9388,0x00000000e4900000)
  to   space 18432K, 0% used [0x00000000e2400000,0x00000000e2400000,0x00000000e3600000)
 ParOldGen       total 75776K, used 70601K [0x0000000080000000, 0x0000000084a00000, 0x00000000d5580000)
  object space 75776K, 93% used [0x0000000080000000,0x00000000844f27d8,0x0000000084a00000)
 Metaspace       used 81384K, capacity 85614K, committed 85848K, reserved 1124352K
  class space    used 11064K, capacity 11874K, committed 11904K, reserved 1048576K
}
Event: 651.815 GC heap before
{Heap before GC invocations=22 (full 4):
 PSYoungGen      total 230912K, used 19428K [0x00000000d5580000, 0x00000000e4a80000, 0x0000000100000000)
  eden space 211456K, 0% used [0x00000000d5580000,0x00000000d5580000,0x00000000e2400000)
  from space 19456K, 99% used [0x00000000e3600000,0x00000000e48f9388,0x00000000e4900000)
  to   space 18432K, 0% used [0x00000000e2400000,0x00000000e2400000,0x00000000e3600000)
 ParOldGen       total 75776K, used 70601K [0x0000000080000000, 0x0000000084a00000, 0x00000000d5580000)
  object space 75776K, 93% used [0x0000000080000000,0x00000000844f27d8,0x0000000084a00000)
 Metaspace       used 81384K, capacity 85614K, committed 85848K, reserved 1124352K
  class space    used 11064K, capacity 11874K, committed 11904K, reserved 1048576K
Event: 671.357 GC heap after
Heap after GC invocations=22 (full 4):
 PSYoungGen      total 230912K, used 0K [0x00000000d5580000, 0x00000000e4a80000, 0x0000000100000000)
  eden space 211456K, 0% used [0x00000000d5580000,0x00000000d5580000,0x00000000e2400000)
  from space 19456K, 0% used [0x00000000e3600000,0x00000000e3600000,0x00000000e4900000)
  to   space 18432K, 0% used [0x00000000e2400000,0x00000000e2400000,0x00000000e3600000)
 ParOldGen       total 116224K, used 53763K [0x0000000080000000, 0x0000000087180000, 0x00000000d5580000)
  object space 116224K, 46% used [0x0000000080000000,0x0000000083480f78,0x0000000087180000)
 Metaspace       used 81274K, capacity 85284K, committed 85848K, reserved 1124352K
  class space    used 11028K, capacity 11811K, committed 11904K, reserved 1048576K
}

