# JRE version: OpenJDK Runtime Environment (8.0_242-b01) (build 1.8.0_242-release-1644-b01)
# Java VM: OpenJDK 64-Bit Server VM (25.242-b01 mixed mode windows-amd64 compressed oops)
Heap:
 PSYoungGen      total 244224K, used 28311K [0x00000000d5580000, 0x00000000e8a00000, 0x0000000100000000)
  eden space 222720K, 3% used [0x00000000d5580000,0x00000000d5c284f8,0x00000000e2f00000)
  from space 21504K, 99% used [0x00000000e2f00000,0x00000000e43fd940,0x00000000e4400000)
  to   space 26624K, 0% used [0x00000000e7000000,0x00000000e7000000,0x00000000e8a00000)
 ParOldGen       total 101376K, used 40866K [0x0000000080000000, 0x0000000086300000, 0x00000000d5580000)
  object space 101376K, 40% used [0x0000000080000000,0x00000000827e8ac0,0x0000000086300000)
 Metaspace       used 69696K, capacity 72752K, committed 73112K, reserved 1112064K
  class space    used 9507K, capacity 10110K, committed 10160K, reserved 1048576K
GC Heap History (10 events):
Event: 23.869 GC heap before
{Heap before GC invocations=10 (full 2):
 PSYoungGen      total 196096K, used 7946K [0x00000000d5580000, 0x00000000e3080000, 0x0000000100000000)
  eden space 182272K, 0% used [0x00000000d5580000,0x00000000d5580000,0x00000000e0780000)
  from space 13824K, 57% used [0x00000000e1480000,0x00000000e1c429c0,0x00000000e2200000)
  to   space 13312K, 0% used [0x00000000e0780000,0x00000000e0780000,0x00000000e1480000)
 ParOldGen       total 48640K, used 20071K [0x0000000080000000, 0x0000000082f80000, 0x00000000d5580000)
  object space 48640K, 41% used [0x0000000080000000,0x0000000081399c80,0x0000000082f80000)
 Metaspace       used 34252K, capacity 35412K, committed 35496K, reserved 1079296K
  class space    used 4714K, capacity 5001K, committed 5040K, reserved 1048576K
Event: 24.141 GC heap after
Heap after GC invocations=10 (full 2):
 PSYoungGen      total 196096K, used 0K [0x00000000d5580000, 0x00000000e3080000, 0x0000000100000000)
  eden space 182272K, 0% used [0x00000000d5580000,0x00000000d5580000,0x00000000e0780000)
  from space 13824K, 0% used [0x00000000e1480000,0x00000000e1480000,0x00000000e2200000)
  to   space 13312K, 0% used [0x00000000e0780000,0x00000000e0780000,0x00000000e1480000)
 ParOldGen       total 61440K, used 14336K [0x0000000080000000, 0x0000000083c00000, 0x00000000d5580000)
  object space 61440K, 23% used [0x0000000080000000,0x0000000080e003b0,0x0000000083c00000)
 Metaspace       used 34252K, capacity 35412K, committed 35496K, reserved 1079296K
  class space    used 4714K, capacity 5001K, committed 5040K, reserved 1048576K
}
Event: 46.975 GC heap before
{Heap before GC invocations=11 (full 2):
 PSYoungGen      total 196096K, used 182272K [0x00000000d5580000, 0x00000000e3080000, 0x0000000100000000)
  eden space 182272K, 100% used [0x00000000d5580000,0x00000000e0780000,0x00000000e0780000)
  from space 13824K, 0% used [0x00000000e1480000,0x00000000e1480000,0x00000000e2200000)
  to   space 13312K, 0% used [0x00000000e0780000,0x00000000e0780000,0x00000000e1480000)
 ParOldGen       total 61440K, used 14336K [0x0000000080000000, 0x0000000083c00000, 0x00000000d5580000)
  object space 61440K, 23% used [0x0000000080000000,0x0000000080e003b0,0x0000000083c00000)
 Metaspace       used 45488K, capacity 47224K, committed 47528K, reserved 1089536K
  class space    used 6142K, capacity 6472K, committed 6576K, reserved 1048576K
Event: 47.030 GC heap after
Heap after GC invocations=11 (full 2):
 PSYoungGen      total 195584K, used 13283K [0x00000000d5580000, 0x00000000e5380000, 0x0000000100000000)
  eden space 182272K, 0% used [0x00000000d5580000,0x00000000d5580000,0x00000000e0780000)
  from space 13312K, 99% used [0x00000000e0780000,0x00000000e1478fd0,0x00000000e1480000)
  to   space 15872K, 0% used [0x00000000e4400000,0x00000000e4400000,0x00000000e5380000)
 ParOldGen       total 61440K, used 16028K [0x0000000080000000, 0x0000000083c00000, 0x00000000d5580000)
  object space 61440K, 26% used [0x0000000080000000,0x0000000080fa73f8,0x0000000083c00000)
 Metaspace       used 45488K, capacity 47224K, committed 47528K, reserved 1089536K
  class space    used 6142K, capacity 6472K, committed 6576K, reserved 1048576K
}
Event: 66.761 GC heap before
{Heap before GC invocations=12 (full 2):
 PSYoungGen      total 195584K, used 155648K [0x00000000d5580000, 0x00000000e5380000, 0x0000000100000000)
  eden space 182272K, 78% used [0x00000000d5580000,0x00000000de087068,0x00000000e0780000)
  from space 13312K, 99% used [0x00000000e0780000,0x00000000e1478fd0,0x00000000e1480000)
  to   space 15872K, 0% used [0x00000000e4400000,0x00000000e4400000,0x00000000e5380000)
 ParOldGen       total 61440K, used 16028K [0x0000000080000000, 0x0000000083c00000, 0x00000000d5580000)
  object space 61440K, 26% used [0x0000000080000000,0x0000000080fa73f8,0x0000000083c00000)
 Metaspace       used 56889K, capacity 59146K, committed 59160K, reserved 1099776K
  class space    used 7765K, capacity 8228K, committed 8240K, reserved 1048576K
Event: 66.908 GC heap after
Heap after GC invocations=12 (full 2):
 PSYoungGen      total 238592K, used 15868K [0x00000000d5580000, 0x00000000e5b80000, 0x0000000100000000)
  eden space 222720K, 0% used [0x00000000d5580000,0x00000000d5580000,0x00000000e2f00000)
  from space 15872K, 99% used [0x00000000e4400000,0x00000000e537f330,0x00000000e5380000)
  to   space 21504K, 0% used [0x00000000e2f00000,0x00000000e2f00000,0x00000000e4400000)
 ParOldGen       total 61440K, used 24696K [0x0000000080000000, 0x0000000083c00000, 0x00000000d5580000)
  object space 61440K, 40% used [0x0000000080000000,0x000000008181e038,0x0000000083c00000)
 Metaspace       used 56889K, capacity 59146K, committed 59160K, reserved 1099776K
  class space    used 7765K, capacity 8228K, committed 8240K, reserved 1048576K
}
Event: 66.908 GC heap before
{Heap before GC invocations=13 (full 3):
 PSYoungGen      total 238592K, used 15868K [0x00000000d5580000, 0x00000000e5b80000, 0x0000000100000000)
  eden space 222720K, 0% used [0x00000000d5580000,0x00000000d5580000,0x00000000e2f00000)
  from space 15872K, 99% used [0x00000000e4400000,0x00000000e537f330,0x00000000e5380000)
  to   space 21504K, 0% used [0x00000000e2f00000,0x00000000e2f00000,0x00000000e4400000)
 ParOldGen       total 61440K, used 24696K [0x0000000080000000, 0x0000000083c00000, 0x00000000d5580000)
  object space 61440K, 40% used [0x0000000080000000,0x000000008181e038,0x0000000083c00000)
 Metaspace       used 56889K, capacity 59146K, committed 59160K, reserved 1099776K
  class space    used 7765K, capacity 8228K, committed 8240K, reserved 1048576K
Event: 68.364 GC heap after
Heap after GC invocations=13 (full 3):
 PSYoungGen      total 238592K, used 0K [0x00000000d5580000, 0x00000000e5b80000, 0x0000000100000000)
  eden space 222720K, 0% used [0x00000000d5580000,0x00000000d5580000,0x00000000e2f00000)
  from space 15872K, 0% used [0x00000000e4400000,0x00000000e4400000,0x00000000e5380000)
  to   space 21504K, 0% used [0x00000000e2f00000,0x00000000e2f00000,0x00000000e4400000)
 ParOldGen       total 101376K, used 36268K [0x0000000080000000, 0x0000000086300000, 0x00000000d5580000)
  object space 101376K, 35% used [0x0000000080000000,0x000000008236b328,0x0000000086300000)
 Metaspace       used 56885K, capacity 59134K, committed 59160K, reserved 1099776K
  class space    used 7764K, capacity 8226K, committed 8240K, reserved 1048576K
}
Event: 115.770 GC heap before
{Heap before GC invocations=14 (full 3):
 PSYoungGen      total 238592K, used 222720K [0x00000000d5580000, 0x00000000e5b80000, 0x0000000100000000)
  eden space 222720K, 100% used [0x00000000d5580000,0x00000000e2f00000,0x00000000e2f00000)
  from space 15872K, 0% used [0x00000000e4400000,0x00000000e4400000,0x00000000e5380000)
  to   space 21504K, 0% used [0x00000000e2f00000,0x00000000e2f00000,0x00000000e4400000)
 ParOldGen       total 101376K, used 36268K [0x0000000080000000, 0x0000000086300000, 0x00000000d5580000)
  object space 101376K, 35% used [0x0000000080000000,0x000000008236b328,0x0000000086300000)
 Metaspace       used 69082K, capacity 72176K, committed 72600K, reserved 1112064K
  class space    used 9445K, capacity 10046K, committed 10160K, reserved 1048576K
Event: 115.975 GC heap after
Heap after GC invocations=14 (full 3):
 PSYoungGen      total 244224K, used 21494K [0x00000000d5580000, 0x00000000e8a00000, 0x0000000100000000)
  eden space 222720K, 0% used [0x00000000d5580000,0x00000000d5580000,0x00000000e2f00000)
  from space 21504K, 99% used [0x00000000e2f00000,0x00000000e43fd940,0x00000000e4400000)
  to   space 26624K, 0% used [0x00000000e7000000,0x00000000e7000000,0x00000000e8a00000)
 ParOldGen       total 101376K, used 40866K [0x0000000080000000, 0x0000000086300000, 0x00000000d5580000)
  object space 101376K, 40% used [0x0000000080000000,0x00000000827e8ac0,0x0000000086300000)
 Metaspace       used 69082K, capacity 72176K, committed 72600K, reserved 1112064K
  class space    used 9445K, capacity 10046K, committed 10160K, reserved 1048576K
}

