# JRE version: OpenJDK Runtime Environment (8.0_242-b01) (build 1.8.0_242-release-1644-b01)
# Java VM: OpenJDK 64-Bit Server VM (25.242-b01 mixed mode windows-amd64 compressed oops)
Heap:
 PSYoungGen      total 78336K, used 38998K [0x00000000d5580000, 0x00000000dbd80000, 0x0000000100000000)
  eden space 69632K, 56% used [0x00000000d5580000,0x00000000d7b95858,0x00000000d9980000)
  from space 8704K, 0% used [0x00000000da880000,0x00000000da880000,0x00000000db100000)
  to   space 15360K, 41% used [0x00000000d9980000,0x00000000d9fb20b8,0x00000000da880000)
 ParOldGen       total 72192K, used 72118K [0x0000000080000000, 0x0000000084680000, 0x00000000d5580000)
  object space 72192K, 99% used [0x0000000080000000,0x000000008466d918,0x0000000084680000)
 Metaspace       used 70591K, capacity 74040K, committed 74328K, reserved 1114112K
  class space    used 9839K, capacity 10513K, committed 10624K, reserved 1048576K
GC Heap History (10 events):
Event: 129.082 GC heap before
{Heap before GC invocations=37 (full 3):
 PSYoungGen      total 68096K, used 66923K [0x00000000d5580000, 0x00000000daa00000, 0x0000000100000000)
  eden space 60416K, 100% used [0x00000000d5580000,0x00000000d9080000,0x00000000d9080000)
  from space 7680K, 84% used [0x00000000d9080000,0x00000000d96dada8,0x00000000d9800000)
  to   space 8704K, 0% used [0x00000000da180000,0x00000000da180000,0x00000000daa00000)
 ParOldGen       total 65536K, used 30122K [0x0000000080000000, 0x0000000084000000, 0x00000000d5580000)
  object space 65536K, 45% used [0x0000000080000000,0x0000000081d6ab50,0x0000000084000000)
 Metaspace       used 62944K, capacity 65624K, committed 65880K, reserved 1105920K
  class space    used 8711K, capacity 9225K, committed 9344K, reserved 1048576K
Event: 129.103 GC heap after
Heap after GC invocations=37 (full 3):
 PSYoungGen      total 75776K, used 5616K [0x00000000d5580000, 0x00000000da900000, 0x0000000100000000)
  eden space 68096K, 0% used [0x00000000d5580000,0x00000000d5580000,0x00000000d9800000)
  from space 7680K, 73% used [0x00000000da180000,0x00000000da6fc1d0,0x00000000da900000)
  to   space 8704K, 0% used [0x00000000d9800000,0x00000000d9800000,0x00000000da080000)
 ParOldGen       total 65536K, used 33464K [0x0000000080000000, 0x0000000084000000, 0x00000000d5580000)
  object space 65536K, 51% used [0x0000000080000000,0x00000000820ae060,0x0000000084000000)
 Metaspace       used 62944K, capacity 65624K, committed 65880K, reserved 1105920K
  class space    used 8711K, capacity 9225K, committed 9344K, reserved 1048576K
}
Event: 135.115 GC heap before
{Heap before GC invocations=38 (full 3):
 PSYoungGen      total 75776K, used 73712K [0x00000000d5580000, 0x00000000da900000, 0x0000000100000000)
  eden space 68096K, 100% used [0x00000000d5580000,0x00000000d9800000,0x00000000d9800000)
  from space 7680K, 73% used [0x00000000da180000,0x00000000da6fc1d0,0x00000000da900000)
  to   space 8704K, 0% used [0x00000000d9800000,0x00000000d9800000,0x00000000da080000)
 ParOldGen       total 65536K, used 33464K [0x0000000080000000, 0x0000000084000000, 0x00000000d5580000)
  object space 65536K, 51% used [0x0000000080000000,0x00000000820ae060,0x0000000084000000)
 Metaspace       used 63780K, capacity 66698K, committed 66904K, reserved 1107968K
  class space    used 8775K, capacity 9326K, committed 9344K, reserved 1048576K
Event: 135.135 GC heap after
Heap after GC invocations=38 (full 3):
 PSYoungGen      total 76800K, used 5232K [0x00000000d5580000, 0x00000000db100000, 0x0000000100000000)
  eden space 68096K, 0% used [0x00000000d5580000,0x00000000d5580000,0x00000000d9800000)
  from space 8704K, 60% used [0x00000000d9800000,0x00000000d9d1c030,0x00000000da080000)
  to   space 8704K, 0% used [0x00000000da880000,0x00000000da880000,0x00000000db100000)
 ParOldGen       total 65536K, used 37494K [0x0000000080000000, 0x0000000084000000, 0x00000000d5580000)
  object space 65536K, 57% used [0x0000000080000000,0x000000008249db08,0x0000000084000000)
 Metaspace       used 63780K, capacity 66698K, committed 66904K, reserved 1107968K
  class space    used 8775K, capacity 9326K, committed 9344K, reserved 1048576K
}
Event: 140.331 GC heap before
{Heap before GC invocations=39 (full 3):
 PSYoungGen      total 76800K, used 73286K [0x00000000d5580000, 0x00000000db100000, 0x0000000100000000)
  eden space 68096K, 99% used [0x00000000d5580000,0x00000000d97f57e8,0x00000000d9800000)
  from space 8704K, 60% used [0x00000000d9800000,0x00000000d9d1c030,0x00000000da080000)
  to   space 8704K, 0% used [0x00000000da880000,0x00000000da880000,0x00000000db100000)
 ParOldGen       total 65536K, used 37494K [0x0000000080000000, 0x0000000084000000, 0x00000000d5580000)
  object space 65536K, 57% used [0x0000000080000000,0x000000008249db08,0x0000000084000000)
 Metaspace       used 66599K, capacity 69696K, committed 69976K, reserved 1110016K
  class space    used 9193K, capacity 9773K, committed 9856K, reserved 1048576K
Event: 140.368 GC heap after
Heap after GC invocations=39 (full 3):
 PSYoungGen      total 78336K, used 8684K [0x00000000d5580000, 0x00000000dbd80000, 0x0000000100000000)
  eden space 69632K, 0% used [0x00000000d5580000,0x00000000d5580000,0x00000000d9980000)
  from space 8704K, 99% used [0x00000000da880000,0x00000000db0fb1f0,0x00000000db100000)
  to   space 15360K, 0% used [0x00000000d9980000,0x00000000d9980000,0x00000000da880000)
 ParOldGen       total 65536K, used 51819K [0x0000000080000000, 0x0000000084000000, 0x00000000d5580000)
  object space 65536K, 79% used [0x0000000080000000,0x000000008329af68,0x0000000084000000)
 Metaspace       used 66599K, capacity 69696K, committed 69976K, reserved 1110016K
  class space    used 9193K, capacity 9773K, committed 9856K, reserved 1048576K
}
Event: 143.059 GC heap before
{Heap before GC invocations=40 (full 3):
 PSYoungGen      total 78336K, used 78316K [0x00000000d5580000, 0x00000000dbd80000, 0x0000000100000000)
  eden space 69632K, 100% used [0x00000000d5580000,0x00000000d9980000,0x00000000d9980000)
  from space 8704K, 99% used [0x00000000da880000,0x00000000db0fb1f0,0x00000000db100000)
  to   space 15360K, 0% used [0x00000000d9980000,0x00000000d9980000,0x00000000da880000)
 ParOldGen       total 65536K, used 51819K [0x0000000080000000, 0x0000000084000000, 0x00000000d5580000)
  object space 65536K, 79% used [0x0000000080000000,0x000000008329af68,0x0000000084000000)
 Metaspace       used 70126K, capacity 73612K, committed 73688K, reserved 1112064K
  class space    used 9798K, capacity 10481K, committed 10496K, reserved 1048576K
Event: 143.257 GC heap after
Heap after GC invocations=40 (full 3):
 PSYoungGen      total 78336K, used 78316K [0x00000000d5580000, 0x00000000dbd80000, 0x0000000100000000)
  eden space 69632K, 100% used [0x00000000d5580000,0x00000000d9980000,0x00000000d9980000)
  from space 8704K, 99% used [0x00000000da880000,0x00000000db0fb1f0,0x00000000db100000)
  to   space 15360K, 99% used [0x00000000d9980000,0x00000000da879740,0x00000000da880000)
 ParOldGen       total 72192K, used 72190K [0x0000000080000000, 0x0000000084680000, 0x00000000d5580000)
  object space 72192K, 99% used [0x0000000080000000,0x000000008467f9f0,0x0000000084680000)
 Metaspace       used 70126K, capacity 73612K, committed 73688K, reserved 1112064K
  class space    used 9798K, capacity 10481K, committed 10496K, reserved 1048576K
}
Event: 143.257 GC heap before
{Heap before GC invocations=41 (full 4):
 PSYoungGen      total 78336K, used 78316K [0x00000000d5580000, 0x00000000dbd80000, 0x0000000100000000)
  eden space 69632K, 100% used [0x00000000d5580000,0x00000000d9980000,0x00000000d9980000)
  from space 8704K, 99% used [0x00000000da880000,0x00000000db0fb1f0,0x00000000db100000)
  to   space 15360K, 99% used [0x00000000d9980000,0x00000000da879740,0x00000000da880000)
 ParOldGen       total 72192K, used 72190K [0x0000000080000000, 0x0000000084680000, 0x00000000d5580000)
  object space 72192K, 99% used [0x0000000080000000,0x000000008467f9f0,0x0000000084680000)
 Metaspace       used 70126K, capacity 73612K, committed 73688K, reserved 1112064K
  class space    used 9798K, capacity 10481K, committed 10496K, reserved 1048576K
Event: 144.580 GC heap after
Heap after GC invocations=41 (full 4):
 PSYoungGen      total 78336K, used 0K [0x00000000d5580000, 0x00000000dbd80000, 0x0000000100000000)
  eden space 69632K, 0% used [0x00000000d5580000,0x00000000d5580000,0x00000000d9980000)
  from space 8704K, 0% used [0x00000000da880000,0x00000000da880000,0x00000000db100000)
  to   space 15360K, 41% used [0x00000000d9980000,0x00000000d9fb20b8,0x00000000da880000)
 ParOldGen       total 72192K, used 72118K [0x0000000080000000, 0x0000000084680000, 0x00000000d5580000)
  object space 72192K, 99% used [0x0000000080000000,0x000000008466d918,0x0000000084680000)
 Metaspace       used 70063K, capacity 73420K, committed 73688K, reserved 1112064K
  class space    used 9778K, capacity 10445K, committed 10496K, reserved 1048576K
}

